[0.829s] Invoking command in '/home/ananya/ros2_ws/src/turtle_controller': DEBUGINFOD_URLS=https://debuginfod.ubuntu.com PYTHONPATH=/home/ananya/ros2_ws/build/turtle_controller/prefix_override:/usr/lib/python3/dist-packages/colcon_core/task/python/colcon_distutils_commands:/home/ananya/ros2_ws/install/turtle_controller/lib/python3.12/site-packages:/home/ananya/ros2_ws/install/my_robot_interfaces/lib/python3.12/site-packages:/home/ananya/ros2_ws/install/turtle_controller/lib/python3.12/site-packages:/home/ananya/ros2_ws/install/my_py_pkg/lib/python3.12/site-packages:/opt/ros/jazzy/lib/python3.12/site-packages /usr/bin/python3 -W ignore:setup.py install is deprecated -W ignore:easy_install command is deprecated setup.py egg_info --egg-base ../../build/turtle_controller build --build-base /home/ananya/ros2_ws/build/turtle_controller/build install --record /home/ananya/ros2_ws/build/turtle_controller/install.log --single-version-externally-managed install_data
[1.066s] running egg_info
[1.083s] writing ../../build/turtle_controller/turtle_controller.egg-info/PKG-INFO
[1.083s] writing dependency_links to ../../build/turtle_controller/turtle_controller.egg-info/dependency_links.txt
[1.083s] writing entry points to ../../build/turtle_controller/turtle_controller.egg-info/entry_points.txt
[1.083s] writing requirements to ../../build/turtle_controller/turtle_controller.egg-info/requires.txt
[1.083s] writing top-level names to ../../build/turtle_controller/turtle_controller.egg-info/top_level.txt
[1.119s] reading manifest file '../../build/turtle_controller/turtle_controller.egg-info/SOURCES.txt'
[1.120s] writing manifest file '../../build/turtle_controller/turtle_controller.egg-info/SOURCES.txt'
[1.120s] running build
[1.120s] running build_py
[1.120s] copying turtle_controller/turtle_controller.py -> /home/ananya/ros2_ws/build/turtle_controller/build/lib/turtle_controller
[1.121s] running install
[1.127s] running install_lib
[1.145s] copying /home/ananya/ros2_ws/build/turtle_controller/build/lib/turtle_controller/turtle_controller.py -> /home/ananya/ros2_ws/install/turtle_controller/lib/python3.12/site-packages/turtle_controller
[1.146s] byte-compiling /home/ananya/ros2_ws/install/turtle_controller/lib/python3.12/site-packages/turtle_controller/turtle_controller.py to turtle_controller.cpython-312.pyc
[1.147s] running install_data
[1.147s] copying package.xml -> /home/ananya/ros2_ws/install/turtle_controller/share/turtle_controller
[1.147s] running install_egg_info
[1.166s] removing '/home/ananya/ros2_ws/install/turtle_controller/lib/python3.12/site-packages/turtle_controller-0.0.0-py3.12.egg-info' (and everything under it)
[1.166s] Copying ../../build/turtle_controller/turtle_controller.egg-info to /home/ananya/ros2_ws/install/turtle_controller/lib/python3.12/site-packages/turtle_controller-0.0.0-py3.12.egg-info
[1.167s] running install_scripts
[1.281s] Installing turtle_controller script to /home/ananya/ros2_ws/install/turtle_controller/lib/turtle_controller
[1.281s] writing list of installed files to '/home/ananya/ros2_ws/build/turtle_controller/install.log'
[1.307s] Invoked command in '/home/ananya/ros2_ws/src/turtle_controller' returned '0': DEBUGINFOD_URLS=https://debuginfod.ubuntu.com PYTHONPATH=/home/ananya/ros2_ws/build/turtle_controller/prefix_override:/usr/lib/python3/dist-packages/colcon_core/task/python/colcon_distutils_commands:/home/ananya/ros2_ws/install/turtle_controller/lib/python3.12/site-packages:/home/ananya/ros2_ws/install/my_robot_interfaces/lib/python3.12/site-packages:/home/ananya/ros2_ws/install/turtle_controller/lib/python3.12/site-packages:/home/ananya/ros2_ws/install/my_py_pkg/lib/python3.12/site-packages:/opt/ros/jazzy/lib/python3.12/site-packages /usr/bin/python3 -W ignore:setup.py install is deprecated -W ignore:easy_install command is deprecated setup.py egg_info --egg-base ../../build/turtle_controller build --build-base /home/ananya/ros2_ws/build/turtle_controller/build install --record /home/ananya/ros2_ws/build/turtle_controller/install.log --single-version-externally-managed install_data
