[4.101s] Invoking command in '/home/ananya/ros2_ws/src/my_py_pkg': DEBUGINFOD_URLS=https://debuginfod.ubuntu.com PYTHONPATH=/home/ananya/ros2_ws/build/my_py_pkg/prefix_override:/usr/lib/python3/dist-packages/colcon_core/task/python/colcon_distutils_commands:/home/ananya/ros2_ws/install/my_py_pkg/lib/python3.12/site-packages:${PYTHONPATH} /usr/bin/python3 -W ignore:setup.py install is deprecated -W ignore:easy_install command is deprecated setup.py egg_info --egg-base ../../build/my_py_pkg build --build-base /home/ananya/ros2_ws/build/my_py_pkg/build install --record /home/ananya/ros2_ws/build/my_py_pkg/install.log --single-version-externally-managed install_data
[4.344s] running egg_info
[4.360s] writing ../../build/my_py_pkg/my_py_pkg.egg-info/PKG-INFO
[4.361s] writing dependency_links to ../../build/my_py_pkg/my_py_pkg.egg-info/dependency_links.txt
[4.361s] writing entry points to ../../build/my_py_pkg/my_py_pkg.egg-info/entry_points.txt
[4.361s] writing requirements to ../../build/my_py_pkg/my_py_pkg.egg-info/requires.txt
[4.361s] writing top-level names to ../../build/my_py_pkg/my_py_pkg.egg-info/top_level.txt
[4.394s] reading manifest file '../../build/my_py_pkg/my_py_pkg.egg-info/SOURCES.txt'
[4.408s] writing manifest file '../../build/my_py_pkg/my_py_pkg.egg-info/SOURCES.txt'
[4.409s] running build
[4.409s] running build_py
[4.409s] copying my_py_pkg/number_publisher.py -> /home/ananya/ros2_ws/build/my_py_pkg/build/lib/my_py_pkg
[4.409s] running install
[4.415s] running install_lib
[4.434s] copying /home/ananya/ros2_ws/build/my_py_pkg/build/lib/my_py_pkg/number_publisher.py -> /home/ananya/ros2_ws/install/my_py_pkg/lib/python3.12/site-packages/my_py_pkg
[4.435s] byte-compiling /home/ananya/ros2_ws/install/my_py_pkg/lib/python3.12/site-packages/my_py_pkg/number_publisher.py to number_publisher.cpython-312.pyc
[4.435s] running install_data
[4.435s] running install_egg_info
[4.454s] removing '/home/ananya/ros2_ws/install/my_py_pkg/lib/python3.12/site-packages/my_py_pkg-0.0.0-py3.12.egg-info' (and everything under it)
[4.455s] Copying ../../build/my_py_pkg/my_py_pkg.egg-info to /home/ananya/ros2_ws/install/my_py_pkg/lib/python3.12/site-packages/my_py_pkg-0.0.0-py3.12.egg-info
[4.480s] running install_scripts
[4.592s] Installing number_publisher script to /home/ananya/ros2_ws/install/my_py_pkg/lib/my_py_pkg
[4.592s] Installing test_node script to /home/ananya/ros2_ws/install/my_py_pkg/lib/my_py_pkg
[4.593s] writing list of installed files to '/home/ananya/ros2_ws/build/my_py_pkg/install.log'
[4.625s] Invoked command in '/home/ananya/ros2_ws/src/my_py_pkg' returned '0': DEBUGINFOD_URLS=https://debuginfod.ubuntu.com PYTHONPATH=/home/ananya/ros2_ws/build/my_py_pkg/prefix_override:/usr/lib/python3/dist-packages/colcon_core/task/python/colcon_distutils_commands:/home/ananya/ros2_ws/install/my_py_pkg/lib/python3.12/site-packages:${PYTHONPATH} /usr/bin/python3 -W ignore:setup.py install is deprecated -W ignore:easy_install command is deprecated setup.py egg_info --egg-base ../../build/my_py_pkg build --build-base /home/ananya/ros2_ws/build/my_py_pkg/build install --record /home/ananya/ros2_ws/build/my_py_pkg/install.log --single-version-externally-managed install_data
