[4.477s] Invoking command in '/home/ananya/ros2_ws/src/my_py_pkg': DEBUGINFOD_URLS=https://debuginfod.ubuntu.com PYTHONPATH=/home/ananya/ros2_ws/build/my_py_pkg/prefix_override:/usr/lib/python3/dist-packages/colcon_core/task/python/colcon_distutils_commands:/home/ananya/ros2_ws/install/my_py_pkg/lib/python3.12/site-packages:${PYTHONPATH} /usr/bin/python3 -W ignore:setup.py install is deprecated -W ignore:easy_install command is deprecated setup.py egg_info --egg-base ../../build/my_py_pkg build --build-base /home/ananya/ros2_ws/build/my_py_pkg/build install --record /home/ananya/ros2_ws/build/my_py_pkg/install.log --single-version-externally-managed install_data
[4.703s] running egg_info
[4.703s] creating ../../build/my_py_pkg/my_py_pkg.egg-info
[4.719s] writing ../../build/my_py_pkg/my_py_pkg.egg-info/PKG-INFO
[4.719s] writing dependency_links to ../../build/my_py_pkg/my_py_pkg.egg-info/dependency_links.txt
[4.720s] writing requirements to ../../build/my_py_pkg/my_py_pkg.egg-info/requires.txt
[4.720s] writing top-level names to ../../build/my_py_pkg/my_py_pkg.egg-info/top_level.txt
[4.720s] writing manifest file '../../build/my_py_pkg/my_py_pkg.egg-info/SOURCES.txt'
[4.755s] reading manifest file '../../build/my_py_pkg/my_py_pkg.egg-info/SOURCES.txt'
[4.755s] writing manifest file '../../build/my_py_pkg/my_py_pkg.egg-info/SOURCES.txt'
[4.756s] running build
[4.756s] running build_py
[4.756s] creating /home/ananya/ros2_ws/build/my_py_pkg/build
[4.756s] creating /home/ananya/ros2_ws/build/my_py_pkg/build/lib
[4.756s] creating /home/ananya/ros2_ws/build/my_py_pkg/build/lib/my_py_pkg
[4.756s] copying my_py_pkg/__init__.py -> /home/ananya/ros2_ws/build/my_py_pkg/build/lib/my_py_pkg
[4.756s] running install
[4.762s] running install_lib
[4.779s] creating /home/ananya/ros2_ws/install/my_py_pkg/lib/python3.12/site-packages/my_py_pkg
[4.779s] copying /home/ananya/ros2_ws/build/my_py_pkg/build/lib/my_py_pkg/__init__.py -> /home/ananya/ros2_ws/install/my_py_pkg/lib/python3.12/site-packages/my_py_pkg
[4.779s] byte-compiling /home/ananya/ros2_ws/install/my_py_pkg/lib/python3.12/site-packages/my_py_pkg/__init__.py to __init__.cpython-312.pyc
[4.780s] running install_data
[4.780s] creating /home/ananya/ros2_ws/install/my_py_pkg/share/ament_index
[4.780s] creating /home/ananya/ros2_ws/install/my_py_pkg/share/ament_index/resource_index
[4.780s] creating /home/ananya/ros2_ws/install/my_py_pkg/share/ament_index/resource_index/packages
[4.780s] copying resource/my_py_pkg -> /home/ananya/ros2_ws/install/my_py_pkg/share/ament_index/resource_index/packages
[4.780s] copying package.xml -> /home/ananya/ros2_ws/install/my_py_pkg/share/my_py_pkg
[4.780s] running install_egg_info
[4.798s] Copying ../../build/my_py_pkg/my_py_pkg.egg-info to /home/ananya/ros2_ws/install/my_py_pkg/lib/python3.12/site-packages/my_py_pkg-0.0.0-py3.12.egg-info
[4.798s] running install_scripts
[4.938s] writing list of installed files to '/home/ananya/ros2_ws/build/my_py_pkg/install.log'
[4.939s] Invoked command in '/home/ananya/ros2_ws/src/my_py_pkg' returned '0': DEBUGINFOD_URLS=https://debuginfod.ubuntu.com PYTHONPATH=/home/ananya/ros2_ws/build/my_py_pkg/prefix_override:/usr/lib/python3/dist-packages/colcon_core/task/python/colcon_distutils_commands:/home/ananya/ros2_ws/install/my_py_pkg/lib/python3.12/site-packages:${PYTHONPATH} /usr/bin/python3 -W ignore:setup.py install is deprecated -W ignore:easy_install command is deprecated setup.py egg_info --egg-base ../../build/my_py_pkg build --build-base /home/ananya/ros2_ws/build/my_py_pkg/build install --record /home/ananya/ros2_ws/build/my_py_pkg/install.log --single-version-externally-managed install_data
