[0.045s] Invoking command in '/home/ananya/ros2_ws/build/my_robot_bringup': CMAKE_PREFIX_PATH=${CMAKE_PREFIX_PATH}:/home/ananya/ros2_ws/install/turtle_controller:/home/ananya/ros2_ws/install/my_py_pkg:/opt/ros/jazzy DEBUGINFOD_URLS=https://debuginfod.ubuntu.com /usr/bin/cmake /home/ananya/ros2_ws/src/my_robot_bringup -DCMAKE_INSTALL_PREFIX=/home/ananya/ros2_ws/install/my_robot_bringup
[1.941s] -- The C compiler identification is GNU 13.3.0
[3.380s] -- The CXX compiler identification is GNU 13.3.0
[3.465s] -- Detecting C compiler ABI info
[4.080s] -- Detecting C compiler ABI info - done
[4.089s] -- Check for working C compiler: /usr/bin/cc - skipped
[4.089s] -- Detecting C compile features
[4.089s] -- Detecting C compile features - done
[4.110s] -- Detecting CXX compiler ABI info
[4.227s] -- Detecting CXX compiler ABI info - done
[4.236s] -- Check for working CXX compiler: /usr/bin/c++ - skipped
[4.236s] -- Detecting CXX compile features
[4.237s] -- Detecting CXX compile features - done
[4.351s] -- Found ament_cmake: 2.5.4 (/opt/ros/jazzy/share/ament_cmake/cmake)
[4.630s] -- Found Python3: /usr/bin/python3 (found version "3.12.3") found components: Interpreter 
[5.001s] -- Found ament_lint_auto: 0.17.2 (/opt/ros/jazzy/share/ament_lint_auto/cmake)
[5.001s] [31mCMake Error at /opt/ros/jazzy/share/ament_lint_auto/cmake/ament_lint_auto-extras.cmake:18 (message):
[5.001s]   find_package(ament_lint_auto) must be called before ament_package()
[5.001s] Call Stack (most recent call first):
[5.001s]   /opt/ros/jazzy/share/ament_lint_auto/cmake/ament_lint_autoConfig.cmake:41 (include)
[5.002s]   CMakeLists.txt:20 (find_package)
[5.002s] 
[5.002s] [0m
[5.002s] -- Configuring incomplete, errors occurred!
[5.007s] Invoked command in '/home/ananya/ros2_ws/build/my_robot_bringup' returned '1': CMAKE_PREFIX_PATH=${CMAKE_PREFIX_PATH}:/home/ananya/ros2_ws/install/turtle_controller:/home/ananya/ros2_ws/install/my_py_pkg:/opt/ros/jazzy DEBUGINFOD_URLS=https://debuginfod.ubuntu.com /usr/bin/cmake /home/ananya/ros2_ws/src/my_robot_bringup -DCMAKE_INSTALL_PREFIX=/home/ananya/ros2_ws/install/my_robot_bringup
