[0.077s] Invoking command in '/home/ananya/ros2_ws/build/my_robot_bringup': AMENT_PREFIX_PATH=/home/ananya/ros2_ws/install/turtle_controller:/home/ananya/ros2_ws/install/my_py_pkg:/home/ananya/ros2_ws/install/my_robot_bringup:/home/ananya/ros2_ws/install/my_robot_interfaces:/home/ananya/ros2_ws/install/my_cpp_pkg:/opt/ros/jazzy CMAKE_PREFIX_PATH=/home/ananya/ros2_ws/install/my_robot_interfaces:/home/ananya/ros2_ws/install/my_robot_bringup:/home/ananya/ros2_ws/install/my_cpp_pkg:/opt/ros/jazzy/opt/gz_math_vendor:/opt/ros/jazzy/opt/gz_utils_vendor:/opt/ros/jazzy/opt/gz_cmake_vendor:/home/ananya/ros2_ws/install/turtle_controller:/home/ananya/ros2_ws/install/my_py_pkg:/opt/ros/jazzy DEBUGINFOD_URLS=https://debuginfod.ubuntu.com /usr/bin/cmake --build /home/ananya/ros2_ws/build/my_robot_bringup -- -j8 -l8
[0.381s] -- Found ament_cmake: 2.5.4 (/opt/ros/jazzy/share/ament_cmake/cmake)
[0.831s] -- Found ament_lint_auto: 0.17.2 (/opt/ros/jazzy/share/ament_lint_auto/cmake)
[1.058s] -- Added test 'flake8' to check Python code syntax and style conventions
[1.059s] -- Configured 'flake8' exclude dirs and/or files: 
[1.072s] -- Added test 'lint_cmake' to check CMake code style
[1.074s] -- Added test 'pep257' to check Python code against some of the docstring style conventions in PEP 257
[1.076s] -- Added test 'xmllint' to check XML markup files
[1.079s] -- Configuring done (1.0s)
[1.128s] -- Generating done (0.0s)
[1.131s] -- Build files have been written to: /home/ananya/ros2_ws/build/my_robot_bringup
[1.154s] Invoked command in '/home/ananya/ros2_ws/build/my_robot_bringup' returned '0': AMENT_PREFIX_PATH=/home/ananya/ros2_ws/install/turtle_controller:/home/ananya/ros2_ws/install/my_py_pkg:/home/ananya/ros2_ws/install/my_robot_bringup:/home/ananya/ros2_ws/install/my_robot_interfaces:/home/ananya/ros2_ws/install/my_cpp_pkg:/opt/ros/jazzy CMAKE_PREFIX_PATH=/home/ananya/ros2_ws/install/my_robot_interfaces:/home/ananya/ros2_ws/install/my_robot_bringup:/home/ananya/ros2_ws/install/my_cpp_pkg:/opt/ros/jazzy/opt/gz_math_vendor:/opt/ros/jazzy/opt/gz_utils_vendor:/opt/ros/jazzy/opt/gz_cmake_vendor:/home/ananya/ros2_ws/install/turtle_controller:/home/ananya/ros2_ws/install/my_py_pkg:/opt/ros/jazzy DEBUGINFOD_URLS=https://debuginfod.ubuntu.com /usr/bin/cmake --build /home/ananya/ros2_ws/build/my_robot_bringup -- -j8 -l8
[1.162s] Invoking command in '/home/ananya/ros2_ws/build/my_robot_bringup': AMENT_PREFIX_PATH=/home/ananya/ros2_ws/install/turtle_controller:/home/ananya/ros2_ws/install/my_py_pkg:/home/ananya/ros2_ws/install/my_robot_bringup:/home/ananya/ros2_ws/install/my_robot_interfaces:/home/ananya/ros2_ws/install/my_cpp_pkg:/opt/ros/jazzy CMAKE_PREFIX_PATH=/home/ananya/ros2_ws/install/my_robot_interfaces:/home/ananya/ros2_ws/install/my_robot_bringup:/home/ananya/ros2_ws/install/my_cpp_pkg:/opt/ros/jazzy/opt/gz_math_vendor:/opt/ros/jazzy/opt/gz_utils_vendor:/opt/ros/jazzy/opt/gz_cmake_vendor:/home/ananya/ros2_ws/install/turtle_controller:/home/ananya/ros2_ws/install/my_py_pkg:/opt/ros/jazzy DEBUGINFOD_URLS=https://debuginfod.ubuntu.com /usr/bin/cmake --install /home/ananya/ros2_ws/build/my_robot_bringup
[1.168s] -- Install configuration: ""
[1.168s] -- Up-to-date: /home/ananya/ros2_ws/install/my_robot_bringup/share/my_robot_bringup//launch
[1.168s] -- Up-to-date: /home/ananya/ros2_ws/install/my_robot_bringup/share/my_robot_bringup//launch/number_app.launch.py
[1.168s] -- Installing: /home/ananya/ros2_ws/install/my_robot_bringup/share/my_robot_bringup//launch/number_app.launch.xml
[1.169s] -- Up-to-date: /home/ananya/ros2_ws/install/my_robot_bringup/share/my_robot_bringup//launch/turtle_app.launch.xml
[1.169s] -- Up-to-date: /home/ananya/ros2_ws/install/my_robot_bringup/share/my_robot_bringup//config
[1.169s] -- Installing: /home/ananya/ros2_ws/install/my_robot_bringup/share/my_robot_bringup//config/turtle_params.yaml
[1.169s] -- Up-to-date: /home/ananya/ros2_ws/install/my_robot_bringup/share/my_robot_bringup//config/number_params.yaml
[1.169s] -- Installing: /home/ananya/ros2_ws/install/my_robot_bringup/share/ament_index/resource_index/package_run_dependencies/my_robot_bringup
[1.169s] -- Installing: /home/ananya/ros2_ws/install/my_robot_bringup/share/ament_index/resource_index/parent_prefix_path/my_robot_bringup
[1.169s] -- Up-to-date: /home/ananya/ros2_ws/install/my_robot_bringup/share/my_robot_bringup/environment/ament_prefix_path.sh
[1.169s] -- Up-to-date: /home/ananya/ros2_ws/install/my_robot_bringup/share/my_robot_bringup/environment/ament_prefix_path.dsv
[1.169s] -- Up-to-date: /home/ananya/ros2_ws/install/my_robot_bringup/share/my_robot_bringup/environment/path.sh
[1.169s] -- Up-to-date: /home/ananya/ros2_ws/install/my_robot_bringup/share/my_robot_bringup/environment/path.dsv
[1.169s] -- Up-to-date: /home/ananya/ros2_ws/install/my_robot_bringup/share/my_robot_bringup/local_setup.bash
[1.169s] -- Up-to-date: /home/ananya/ros2_ws/install/my_robot_bringup/share/my_robot_bringup/local_setup.sh
[1.169s] -- Up-to-date: /home/ananya/ros2_ws/install/my_robot_bringup/share/my_robot_bringup/local_setup.zsh
[1.170s] -- Up-to-date: /home/ananya/ros2_ws/install/my_robot_bringup/share/my_robot_bringup/local_setup.dsv
[1.170s] -- Installing: /home/ananya/ros2_ws/install/my_robot_bringup/share/my_robot_bringup/package.dsv
[1.170s] -- Up-to-date: /home/ananya/ros2_ws/install/my_robot_bringup/share/ament_index/resource_index/packages/my_robot_bringup
[1.170s] -- Up-to-date: /home/ananya/ros2_ws/install/my_robot_bringup/share/my_robot_bringup/cmake/my_robot_bringupConfig.cmake
[1.170s] -- Up-to-date: /home/ananya/ros2_ws/install/my_robot_bringup/share/my_robot_bringup/cmake/my_robot_bringupConfig-version.cmake
[1.170s] -- Installing: /home/ananya/ros2_ws/install/my_robot_bringup/share/my_robot_bringup/package.xml
[1.171s] Invoked command in '/home/ananya/ros2_ws/build/my_robot_bringup' returned '0': AMENT_PREFIX_PATH=/home/ananya/ros2_ws/install/turtle_controller:/home/ananya/ros2_ws/install/my_py_pkg:/home/ananya/ros2_ws/install/my_robot_bringup:/home/ananya/ros2_ws/install/my_robot_interfaces:/home/ananya/ros2_ws/install/my_cpp_pkg:/opt/ros/jazzy CMAKE_PREFIX_PATH=/home/ananya/ros2_ws/install/my_robot_interfaces:/home/ananya/ros2_ws/install/my_robot_bringup:/home/ananya/ros2_ws/install/my_cpp_pkg:/opt/ros/jazzy/opt/gz_math_vendor:/opt/ros/jazzy/opt/gz_utils_vendor:/opt/ros/jazzy/opt/gz_cmake_vendor:/home/ananya/ros2_ws/install/turtle_controller:/home/ananya/ros2_ws/install/my_py_pkg:/opt/ros/jazzy DEBUGINFOD_URLS=https://debuginfod.ubuntu.com /usr/bin/cmake --install /home/ananya/ros2_ws/build/my_robot_bringup
