[0.010s] Invoking command in '/home/ananya/ros2_ws/build/my_robot_bringup': CMAKE_PREFIX_PATH=${CMAKE_PREFIX_PATH}:/home/ananya/ros2_ws/install/turtle_controller:/home/ananya/ros2_ws/install/my_py_pkg:/opt/ros/jazzy DEBUGINFOD_URLS=https://debuginfod.ubuntu.com /usr/bin/cmake /home/ananya/ros2_ws/src/my_robot_bringup -DCMAKE_INSTALL_PREFIX=/home/ananya/ros2_ws/install/my_robot_bringup
[0.022s] -- Found ament_cmake: 2.5.4 (/opt/ros/jazzy/share/ament_cmake/cmake)
[0.239s] -- Found ament_lint_auto: 0.17.2 (/opt/ros/jazzy/share/ament_lint_auto/cmake)
[0.362s] -- Added test 'lint_cmake' to check CMake code style
[0.366s] -- Added test 'xmllint' to check XML markup files
[0.370s] -- Configuring done (0.4s)
[0.376s] -- Generating done (0.0s)
[0.378s] -- Build files have been written to: /home/ananya/ros2_ws/build/my_robot_bringup
[0.381s] Invoked command in '/home/ananya/ros2_ws/build/my_robot_bringup' returned '0': CMAKE_PREFIX_PATH=${CMAKE_PREFIX_PATH}:/home/ananya/ros2_ws/install/turtle_controller:/home/ananya/ros2_ws/install/my_py_pkg:/opt/ros/jazzy DEBUGINFOD_URLS=https://debuginfod.ubuntu.com /usr/bin/cmake /home/ananya/ros2_ws/src/my_robot_bringup -DCMAKE_INSTALL_PREFIX=/home/ananya/ros2_ws/install/my_robot_bringup
[0.382s] Invoking command in '/home/ananya/ros2_ws/build/my_robot_bringup': CMAKE_PREFIX_PATH=${CMAKE_PREFIX_PATH}:/home/ananya/ros2_ws/install/turtle_controller:/home/ananya/ros2_ws/install/my_py_pkg:/opt/ros/jazzy DEBUGINFOD_URLS=https://debuginfod.ubuntu.com /usr/bin/cmake --build /home/ananya/ros2_ws/build/my_robot_bringup -- -j8 -l8
[0.417s] Invoked command in '/home/ananya/ros2_ws/build/my_robot_bringup' returned '0': CMAKE_PREFIX_PATH=${CMAKE_PREFIX_PATH}:/home/ananya/ros2_ws/install/turtle_controller:/home/ananya/ros2_ws/install/my_py_pkg:/opt/ros/jazzy DEBUGINFOD_URLS=https://debuginfod.ubuntu.com /usr/bin/cmake --build /home/ananya/ros2_ws/build/my_robot_bringup -- -j8 -l8
[0.427s] Invoking command in '/home/ananya/ros2_ws/build/my_robot_bringup': CMAKE_PREFIX_PATH=${CMAKE_PREFIX_PATH}:/home/ananya/ros2_ws/install/turtle_controller:/home/ananya/ros2_ws/install/my_py_pkg:/opt/ros/jazzy DEBUGINFOD_URLS=https://debuginfod.ubuntu.com /usr/bin/cmake --install /home/ananya/ros2_ws/build/my_robot_bringup
[0.433s] -- Install configuration: ""
[0.433s] -- Installing: /home/ananya/ros2_ws/install/my_robot_bringup/share/my_robot_bringup//launch
[0.434s] -- Installing: /home/ananya/ros2_ws/install/my_robot_bringup/share/ament_index/resource_index/package_run_dependencies/my_robot_bringup
[0.434s] -- Installing: /home/ananya/ros2_ws/install/my_robot_bringup/share/ament_index/resource_index/parent_prefix_path/my_robot_bringup
[0.434s] -- Installing: /home/ananya/ros2_ws/install/my_robot_bringup/share/my_robot_bringup/environment/ament_prefix_path.sh
[0.434s] -- Installing: /home/ananya/ros2_ws/install/my_robot_bringup/share/my_robot_bringup/environment/ament_prefix_path.dsv
[0.434s] -- Installing: /home/ananya/ros2_ws/install/my_robot_bringup/share/my_robot_bringup/environment/path.sh
[0.434s] -- Installing: /home/ananya/ros2_ws/install/my_robot_bringup/share/my_robot_bringup/environment/path.dsv
[0.434s] -- Installing: /home/ananya/ros2_ws/install/my_robot_bringup/share/my_robot_bringup/local_setup.bash
[0.434s] -- Installing: /home/ananya/ros2_ws/install/my_robot_bringup/share/my_robot_bringup/local_setup.sh
[0.434s] -- Installing: /home/ananya/ros2_ws/install/my_robot_bringup/share/my_robot_bringup/local_setup.zsh
[0.434s] -- Installing: /home/ananya/ros2_ws/install/my_robot_bringup/share/my_robot_bringup/local_setup.dsv
[0.435s] -- Installing: /home/ananya/ros2_ws/install/my_robot_bringup/share/my_robot_bringup/package.dsv
[0.435s] -- Installing: /home/ananya/ros2_ws/install/my_robot_bringup/share/ament_index/resource_index/packages/my_robot_bringup
[0.435s] -- Installing: /home/ananya/ros2_ws/install/my_robot_bringup/share/my_robot_bringup/cmake/my_robot_bringupConfig.cmake
[0.435s] -- Installing: /home/ananya/ros2_ws/install/my_robot_bringup/share/my_robot_bringup/cmake/my_robot_bringupConfig-version.cmake
[0.435s] -- Installing: /home/ananya/ros2_ws/install/my_robot_bringup/share/my_robot_bringup/package.xml
[0.437s] Invoked command in '/home/ananya/ros2_ws/build/my_robot_bringup' returned '0': CMAKE_PREFIX_PATH=${CMAKE_PREFIX_PATH}:/home/ananya/ros2_ws/install/turtle_controller:/home/ananya/ros2_ws/install/my_py_pkg:/opt/ros/jazzy DEBUGINFOD_URLS=https://debuginfod.ubuntu.com /usr/bin/cmake --install /home/ananya/ros2_ws/build/my_robot_bringup
