/home/ananya/ros2_ws/install/my_py_pkg/lib/python3.12/site-packages/my_py_pkg/count_until_client_minimal.py
/home/ananya/ros2_ws/install/my_py_pkg/lib/python3.12/site-packages/my_py_pkg/count_until_server_minimal.py
/home/ananya/ros2_ws/install/my_py_pkg/lib/python3.12/site-packages/my_py_pkg/count_until_server.py
/home/ananya/ros2_ws/install/my_py_pkg/lib/python3.12/site-packages/my_py_pkg/number_publisher.py
/home/ananya/ros2_ws/install/my_py_pkg/lib/python3.12/site-packages/my_py_pkg/my_first_node.py
/home/ananya/ros2_ws/install/my_py_pkg/lib/python3.12/site-packages/my_py_pkg/number_counter.py
/home/ananya/ros2_ws/install/my_py_pkg/lib/python3.12/site-packages/my_py_pkg/count_until_client.py
/home/ananya/ros2_ws/install/my_py_pkg/lib/python3.12/site-packages/my_py_pkg/__init__.py
/home/ananya/ros2_ws/install/my_py_pkg/lib/python3.12/site-packages/my_py_pkg/reset_counter_client.py
/home/ananya/ros2_ws/install/my_py_pkg/lib/python3.12/site-packages/my_py_pkg/__pycache__/count_until_client_minimal.cpython-312.pyc
/home/ananya/ros2_ws/install/my_py_pkg/lib/python3.12/site-packages/my_py_pkg/__pycache__/count_until_server_minimal.cpython-312.pyc
/home/ananya/ros2_ws/install/my_py_pkg/lib/python3.12/site-packages/my_py_pkg/__pycache__/count_until_server.cpython-312.pyc
/home/ananya/ros2_ws/install/my_py_pkg/lib/python3.12/site-packages/my_py_pkg/__pycache__/number_publisher.cpython-312.pyc
/home/ananya/ros2_ws/install/my_py_pkg/lib/python3.12/site-packages/my_py_pkg/__pycache__/my_first_node.cpython-312.pyc
/home/ananya/ros2_ws/install/my_py_pkg/lib/python3.12/site-packages/my_py_pkg/__pycache__/number_counter.cpython-312.pyc
/home/ananya/ros2_ws/install/my_py_pkg/lib/python3.12/site-packages/my_py_pkg/__pycache__/count_until_client.cpython-312.pyc
/home/ananya/ros2_ws/install/my_py_pkg/lib/python3.12/site-packages/my_py_pkg/__pycache__/__init__.cpython-312.pyc
/home/ananya/ros2_ws/install/my_py_pkg/lib/python3.12/site-packages/my_py_pkg/__pycache__/reset_counter_client.cpython-312.pyc
/home/ananya/ros2_ws/install/my_py_pkg/share/ament_index/resource_index/packages/my_py_pkg
/home/ananya/ros2_ws/install/my_py_pkg/share/my_py_pkg/package.xml
/home/ananya/ros2_ws/install/my_py_pkg/lib/python3.12/site-packages/my_py_pkg-0.0.0-py3.12.egg-info/entry_points.txt
/home/ananya/ros2_ws/install/my_py_pkg/lib/python3.12/site-packages/my_py_pkg-0.0.0-py3.12.egg-info/top_level.txt
/home/ananya/ros2_ws/install/my_py_pkg/lib/python3.12/site-packages/my_py_pkg-0.0.0-py3.12.egg-info/requires.txt
/home/ananya/ros2_ws/install/my_py_pkg/lib/python3.12/site-packages/my_py_pkg-0.0.0-py3.12.egg-info/PKG-INFO
/home/ananya/ros2_ws/install/my_py_pkg/lib/python3.12/site-packages/my_py_pkg-0.0.0-py3.12.egg-info/zip-safe
/home/ananya/ros2_ws/install/my_py_pkg/lib/python3.12/site-packages/my_py_pkg-0.0.0-py3.12.egg-info/dependency_links.txt
/home/ananya/ros2_ws/install/my_py_pkg/lib/python3.12/site-packages/my_py_pkg-0.0.0-py3.12.egg-info/SOURCES.txt
/home/ananya/ros2_ws/install/my_py_pkg/lib/my_py_pkg/count_until_client
/home/ananya/ros2_ws/install/my_py_pkg/lib/my_py_pkg/count_until_client2
/home/ananya/ros2_ws/install/my_py_pkg/lib/my_py_pkg/count_until_server
/home/ananya/ros2_ws/install/my_py_pkg/lib/my_py_pkg/count_until_server2
/home/ananya/ros2_ws/install/my_py_pkg/lib/my_py_pkg/number_counter
/home/ananya/ros2_ws/install/my_py_pkg/lib/my_py_pkg/number_publisher
/home/ananya/ros2_ws/install/my_py_pkg/lib/my_py_pkg/reset_counter_client
/home/ananya/ros2_ws/install/my_py_pkg/lib/my_py_pkg/test_node
