[0.123s] Invoking command in '/home/ananya/ros2_ws/build/my_robot_bringup': AMENT_PREFIX_PATH=/home/ananya/ros2_ws/install/my_py_pkg:/home/ananya/ros2_ws/install/turtle_controller:/home/ananya/ros2_ws/install/my_robot_interfaces:/home/ananya/ros2_ws/install/my_cpp_pkg:/opt/ros/jazzy CMAKE_PREFIX_PATH=${CMAKE_PREFIX_PATH}:/home/ananya/ros2_ws/install/turtle_controller:/home/ananya/ros2_ws/install/my_py_pkg:/opt/ros/jazzy DEBUGINFOD_URLS=https://debuginfod.ubuntu.com PYTHONPATH=/home/ananya/ros2_ws/install/my_py_pkg/lib/python3.12/site-packages:/home/ananya/ros2_ws/install/my_robot_interfaces/lib/python3.12/site-packages:/home/ananya/ros2_ws/install/turtle_controller/lib/python3.12/site-packages:/opt/ros/jazzy/lib/python3.12/site-packages /usr/bin/cmake --build /home/ananya/ros2_ws/build/my_robot_bringup -- -j8 -l8
[0.156s] -- Found ament_cmake: 2.5.4 (/opt/ros/jazzy/share/ament_cmake/cmake)
[0.369s] -- Found ament_lint_auto: 0.17.2 (/opt/ros/jazzy/share/ament_lint_auto/cmake)
[0.466s] -- Added test 'lint_cmake' to check CMake code style
[0.467s] -- Added test 'xmllint' to check XML markup files
[0.468s] -- Configuring done (0.3s)
[0.472s] -- Generating done (0.0s)
[0.474s] -- Build files have been written to: /home/ananya/ros2_ws/build/my_robot_bringup
[0.494s] Invoked command in '/home/ananya/ros2_ws/build/my_robot_bringup' returned '0': AMENT_PREFIX_PATH=/home/ananya/ros2_ws/install/my_py_pkg:/home/ananya/ros2_ws/install/turtle_controller:/home/ananya/ros2_ws/install/my_robot_interfaces:/home/ananya/ros2_ws/install/my_cpp_pkg:/opt/ros/jazzy CMAKE_PREFIX_PATH=${CMAKE_PREFIX_PATH}:/home/ananya/ros2_ws/install/turtle_controller:/home/ananya/ros2_ws/install/my_py_pkg:/opt/ros/jazzy DEBUGINFOD_URLS=https://debuginfod.ubuntu.com PYTHONPATH=/home/ananya/ros2_ws/install/my_py_pkg/lib/python3.12/site-packages:/home/ananya/ros2_ws/install/my_robot_interfaces/lib/python3.12/site-packages:/home/ananya/ros2_ws/install/turtle_controller/lib/python3.12/site-packages:/opt/ros/jazzy/lib/python3.12/site-packages /usr/bin/cmake --build /home/ananya/ros2_ws/build/my_robot_bringup -- -j8 -l8
[0.503s] Invoking command in '/home/ananya/ros2_ws/build/my_robot_bringup': AMENT_PREFIX_PATH=/home/ananya/ros2_ws/install/my_py_pkg:/home/ananya/ros2_ws/install/turtle_controller:/home/ananya/ros2_ws/install/my_robot_interfaces:/home/ananya/ros2_ws/install/my_cpp_pkg:/opt/ros/jazzy CMAKE_PREFIX_PATH=${CMAKE_PREFIX_PATH}:/home/ananya/ros2_ws/install/turtle_controller:/home/ananya/ros2_ws/install/my_py_pkg:/opt/ros/jazzy DEBUGINFOD_URLS=https://debuginfod.ubuntu.com PYTHONPATH=/home/ananya/ros2_ws/install/my_py_pkg/lib/python3.12/site-packages:/home/ananya/ros2_ws/install/my_robot_interfaces/lib/python3.12/site-packages:/home/ananya/ros2_ws/install/turtle_controller/lib/python3.12/site-packages:/opt/ros/jazzy/lib/python3.12/site-packages /usr/bin/cmake --install /home/ananya/ros2_ws/build/my_robot_bringup
[0.511s] -- Install configuration: ""
[0.511s] -- Up-to-date: /home/ananya/ros2_ws/install/my_robot_bringup/share/my_robot_bringup//launch
[0.511s] -- Installing: /home/ananya/ros2_ws/install/my_robot_bringup/share/my_robot_bringup//launch/number_app.launch.xml
[0.512s] -- Installing: /home/ananya/ros2_ws/install/my_robot_bringup/share/ament_index/resource_index/package_run_dependencies/my_robot_bringup
[0.512s] -- Installing: /home/ananya/ros2_ws/install/my_robot_bringup/share/ament_index/resource_index/parent_prefix_path/my_robot_bringup
[0.512s] -- Up-to-date: /home/ananya/ros2_ws/install/my_robot_bringup/share/my_robot_bringup/environment/ament_prefix_path.sh
[0.512s] -- Up-to-date: /home/ananya/ros2_ws/install/my_robot_bringup/share/my_robot_bringup/environment/ament_prefix_path.dsv
[0.512s] -- Up-to-date: /home/ananya/ros2_ws/install/my_robot_bringup/share/my_robot_bringup/environment/path.sh
[0.512s] -- Up-to-date: /home/ananya/ros2_ws/install/my_robot_bringup/share/my_robot_bringup/environment/path.dsv
[0.512s] -- Up-to-date: /home/ananya/ros2_ws/install/my_robot_bringup/share/my_robot_bringup/local_setup.bash
[0.512s] -- Up-to-date: /home/ananya/ros2_ws/install/my_robot_bringup/share/my_robot_bringup/local_setup.sh
[0.512s] -- Up-to-date: /home/ananya/ros2_ws/install/my_robot_bringup/share/my_robot_bringup/local_setup.zsh
[0.512s] -- Up-to-date: /home/ananya/ros2_ws/install/my_robot_bringup/share/my_robot_bringup/local_setup.dsv
[0.512s] -- Installing: /home/ananya/ros2_ws/install/my_robot_bringup/share/my_robot_bringup/package.dsv
[0.512s] -- Up-to-date: /home/ananya/ros2_ws/install/my_robot_bringup/share/ament_index/resource_index/packages/my_robot_bringup
[0.512s] -- Up-to-date: /home/ananya/ros2_ws/install/my_robot_bringup/share/my_robot_bringup/cmake/my_robot_bringupConfig.cmake
[0.512s] -- Up-to-date: /home/ananya/ros2_ws/install/my_robot_bringup/share/my_robot_bringup/cmake/my_robot_bringupConfig-version.cmake
[0.513s] -- Installing: /home/ananya/ros2_ws/install/my_robot_bringup/share/my_robot_bringup/package.xml
[0.514s] Invoked command in '/home/ananya/ros2_ws/build/my_robot_bringup' returned '0': AMENT_PREFIX_PATH=/home/ananya/ros2_ws/install/my_py_pkg:/home/ananya/ros2_ws/install/turtle_controller:/home/ananya/ros2_ws/install/my_robot_interfaces:/home/ananya/ros2_ws/install/my_cpp_pkg:/opt/ros/jazzy CMAKE_PREFIX_PATH=${CMAKE_PREFIX_PATH}:/home/ananya/ros2_ws/install/turtle_controller:/home/ananya/ros2_ws/install/my_py_pkg:/opt/ros/jazzy DEBUGINFOD_URLS=https://debuginfod.ubuntu.com PYTHONPATH=/home/ananya/ros2_ws/install/my_py_pkg/lib/python3.12/site-packages:/home/ananya/ros2_ws/install/my_robot_interfaces/lib/python3.12/site-packages:/home/ananya/ros2_ws/install/turtle_controller/lib/python3.12/site-packages:/opt/ros/jazzy/lib/python3.12/site-packages /usr/bin/cmake --install /home/ananya/ros2_ws/build/my_robot_bringup
