[0.014s] Invoking command in '/home/ananya/ros2_ws/build/my_robot_bringup': AMENT_PREFIX_PATH=/home/ananya/ros2_ws/install/turtle_controller:/home/ananya/ros2_ws/install/my_py_pkg:/home/ananya/ros2_ws/install/my_robot_bringup:/home/ananya/ros2_ws/install/my_robot_interfaces:/home/ananya/ros2_ws/install/my_cpp_pkg:/opt/ros/jazzy CMAKE_PREFIX_PATH=/home/ananya/ros2_ws/install/my_robot_interfaces:/home/ananya/ros2_ws/install/my_robot_bringup:/home/ananya/ros2_ws/install/my_cpp_pkg:/opt/ros/jazzy/opt/gz_math_vendor:/opt/ros/jazzy/opt/gz_utils_vendor:/opt/ros/jazzy/opt/gz_cmake_vendor:/home/ananya/ros2_ws/install/turtle_controller:/home/ananya/ros2_ws/install/my_py_pkg:/opt/ros/jazzy DEBUGINFOD_URLS=https://debuginfod.ubuntu.com /usr/bin/cmake --build /home/ananya/ros2_ws/build/my_robot_bringup -- -j8 -l8
[0.047s] Invoked command in '/home/ananya/ros2_ws/build/my_robot_bringup' returned '0': AMENT_PREFIX_PATH=/home/ananya/ros2_ws/install/turtle_controller:/home/ananya/ros2_ws/install/my_py_pkg:/home/ananya/ros2_ws/install/my_robot_bringup:/home/ananya/ros2_ws/install/my_robot_interfaces:/home/ananya/ros2_ws/install/my_cpp_pkg:/opt/ros/jazzy CMAKE_PREFIX_PATH=/home/ananya/ros2_ws/install/my_robot_interfaces:/home/ananya/ros2_ws/install/my_robot_bringup:/home/ananya/ros2_ws/install/my_cpp_pkg:/opt/ros/jazzy/opt/gz_math_vendor:/opt/ros/jazzy/opt/gz_utils_vendor:/opt/ros/jazzy/opt/gz_cmake_vendor:/home/ananya/ros2_ws/install/turtle_controller:/home/ananya/ros2_ws/install/my_py_pkg:/opt/ros/jazzy DEBUGINFOD_URLS=https://debuginfod.ubuntu.com /usr/bin/cmake --build /home/ananya/ros2_ws/build/my_robot_bringup -- -j8 -l8
[0.058s] Invoking command in '/home/ananya/ros2_ws/build/my_robot_bringup': AMENT_PREFIX_PATH=/home/ananya/ros2_ws/install/turtle_controller:/home/ananya/ros2_ws/install/my_py_pkg:/home/ananya/ros2_ws/install/my_robot_bringup:/home/ananya/ros2_ws/install/my_robot_interfaces:/home/ananya/ros2_ws/install/my_cpp_pkg:/opt/ros/jazzy CMAKE_PREFIX_PATH=/home/ananya/ros2_ws/install/my_robot_interfaces:/home/ananya/ros2_ws/install/my_robot_bringup:/home/ananya/ros2_ws/install/my_cpp_pkg:/opt/ros/jazzy/opt/gz_math_vendor:/opt/ros/jazzy/opt/gz_utils_vendor:/opt/ros/jazzy/opt/gz_cmake_vendor:/home/ananya/ros2_ws/install/turtle_controller:/home/ananya/ros2_ws/install/my_py_pkg:/opt/ros/jazzy DEBUGINFOD_URLS=https://debuginfod.ubuntu.com /usr/bin/cmake --install /home/ananya/ros2_ws/build/my_robot_bringup
[0.065s] -- Install configuration: ""
[0.065s] -- Up-to-date: /home/ananya/ros2_ws/install/my_robot_bringup/share/my_robot_bringup//launch
[0.066s] -- Up-to-date: /home/ananya/ros2_ws/install/my_robot_bringup/share/my_robot_bringup//launch/number_app.launch.py
[0.066s] -- Up-to-date: /home/ananya/ros2_ws/install/my_robot_bringup/share/my_robot_bringup//launch/number_app.launch.xml
[0.066s] -- Installing: /home/ananya/ros2_ws/install/my_robot_bringup/share/my_robot_bringup//launch/turtle_app.launch.xml
[0.066s] -- Up-to-date: /home/ananya/ros2_ws/install/my_robot_bringup/share/my_robot_bringup//config
[0.066s] -- Up-to-date: /home/ananya/ros2_ws/install/my_robot_bringup/share/my_robot_bringup//config/turtle_params.yaml
[0.066s] -- Up-to-date: /home/ananya/ros2_ws/install/my_robot_bringup/share/my_robot_bringup//config/number_params.yaml
[0.066s] -- Up-to-date: /home/ananya/ros2_ws/install/my_robot_bringup/share/ament_index/resource_index/package_run_dependencies/my_robot_bringup
[0.066s] -- Up-to-date: /home/ananya/ros2_ws/install/my_robot_bringup/share/ament_index/resource_index/parent_prefix_path/my_robot_bringup
[0.066s] -- Up-to-date: /home/ananya/ros2_ws/install/my_robot_bringup/share/my_robot_bringup/environment/ament_prefix_path.sh
[0.066s] -- Up-to-date: /home/ananya/ros2_ws/install/my_robot_bringup/share/my_robot_bringup/environment/ament_prefix_path.dsv
[0.066s] -- Up-to-date: /home/ananya/ros2_ws/install/my_robot_bringup/share/my_robot_bringup/environment/path.sh
[0.066s] -- Up-to-date: /home/ananya/ros2_ws/install/my_robot_bringup/share/my_robot_bringup/environment/path.dsv
[0.066s] -- Up-to-date: /home/ananya/ros2_ws/install/my_robot_bringup/share/my_robot_bringup/local_setup.bash
[0.067s] -- Up-to-date: /home/ananya/ros2_ws/install/my_robot_bringup/share/my_robot_bringup/local_setup.sh
[0.067s] -- Up-to-date: /home/ananya/ros2_ws/install/my_robot_bringup/share/my_robot_bringup/local_setup.zsh
[0.067s] -- Up-to-date: /home/ananya/ros2_ws/install/my_robot_bringup/share/my_robot_bringup/local_setup.dsv
[0.067s] -- Installing: /home/ananya/ros2_ws/install/my_robot_bringup/share/my_robot_bringup/package.dsv
[0.067s] -- Up-to-date: /home/ananya/ros2_ws/install/my_robot_bringup/share/ament_index/resource_index/packages/my_robot_bringup
[0.067s] -- Up-to-date: /home/ananya/ros2_ws/install/my_robot_bringup/share/my_robot_bringup/cmake/my_robot_bringupConfig.cmake
[0.067s] -- Up-to-date: /home/ananya/ros2_ws/install/my_robot_bringup/share/my_robot_bringup/cmake/my_robot_bringupConfig-version.cmake
[0.067s] -- Up-to-date: /home/ananya/ros2_ws/install/my_robot_bringup/share/my_robot_bringup/package.xml
[0.068s] Invoked command in '/home/ananya/ros2_ws/build/my_robot_bringup' returned '0': AMENT_PREFIX_PATH=/home/ananya/ros2_ws/install/turtle_controller:/home/ananya/ros2_ws/install/my_py_pkg:/home/ananya/ros2_ws/install/my_robot_bringup:/home/ananya/ros2_ws/install/my_robot_interfaces:/home/ananya/ros2_ws/install/my_cpp_pkg:/opt/ros/jazzy CMAKE_PREFIX_PATH=/home/ananya/ros2_ws/install/my_robot_interfaces:/home/ananya/ros2_ws/install/my_robot_bringup:/home/ananya/ros2_ws/install/my_cpp_pkg:/opt/ros/jazzy/opt/gz_math_vendor:/opt/ros/jazzy/opt/gz_utils_vendor:/opt/ros/jazzy/opt/gz_cmake_vendor:/home/ananya/ros2_ws/install/turtle_controller:/home/ananya/ros2_ws/install/my_py_pkg:/opt/ros/jazzy DEBUGINFOD_URLS=https://debuginfod.ubuntu.com /usr/bin/cmake --install /home/ananya/ros2_ws/build/my_robot_bringup
