[0.011s] Invoking command in '/home/ananya/ros2_ws/build/my_robot_interfaces': CMAKE_PREFIX_PATH=${CMAKE_PREFIX_PATH}:/home/ananya/ros2_ws/install/turtle_controller:/home/ananya/ros2_ws/install/my_py_pkg:/opt/ros/jazzy DEBUGINFOD_URLS=https://debuginfod.ubuntu.com /usr/bin/cmake --build /home/ananya/ros2_ws/build/my_robot_interfaces -- -j8 -l8
[0.054s] [  1%] Built target my_robot_interfaces__rosidl_generator_type_description
[0.064s] [  1%] Built target ament_cmake_python_copy_my_robot_interfaces
[0.073s] [  3%] Built target my_robot_interfaces__cpp
[0.076s] [ 25%] Built target my_robot_interfaces__rosidl_generator_c
[0.107s] [ 34%] Built target my_robot_interfaces__rosidl_typesupport_cpp
[0.107s] [ 43%] Built target my_robot_interfaces__rosidl_typesupport_c
[0.108s] [ 53%] Built target my_robot_interfaces__rosidl_typesupport_introspection_c
[0.108s] [ 62%] Built target my_robot_interfaces__rosidl_typesupport_fastrtps_c
[0.108s] [ 79%] Built target my_robot_interfaces__rosidl_typesupport_introspection_cpp
[0.109s] [ 81%] Built target my_robot_interfaces__rosidl_typesupport_fastrtps_cpp
[0.126s] [ 81%] Built target my_robot_interfaces
[0.145s] [ 82%] Built target my_robot_interfaces__py
[0.166s] [ 90%] Built target my_robot_interfaces__rosidl_generator_py
[0.187s] [100%] Built target my_robot_interfaces_s__rosidl_typesupport_introspection_c
[0.187s] [100%] Built target my_robot_interfaces_s__rosidl_typesupport_fastrtps_c
[0.187s] [100%] Built target my_robot_interfaces_s__rosidl_typesupport_c
[0.282s] running egg_info
[0.301s] writing my_robot_interfaces.egg-info/PKG-INFO
[0.301s] writing dependency_links to my_robot_interfaces.egg-info/dependency_links.txt
[0.301s] writing top-level names to my_robot_interfaces.egg-info/top_level.txt
[0.360s] reading manifest file 'my_robot_interfaces.egg-info/SOURCES.txt'
[0.361s] writing manifest file 'my_robot_interfaces.egg-info/SOURCES.txt'
[0.387s] [100%] Built target ament_cmake_python_build_my_robot_interfaces_egg
[0.398s] Invoked command in '/home/ananya/ros2_ws/build/my_robot_interfaces' returned '0': CMAKE_PREFIX_PATH=${CMAKE_PREFIX_PATH}:/home/ananya/ros2_ws/install/turtle_controller:/home/ananya/ros2_ws/install/my_py_pkg:/opt/ros/jazzy DEBUGINFOD_URLS=https://debuginfod.ubuntu.com /usr/bin/cmake --build /home/ananya/ros2_ws/build/my_robot_interfaces -- -j8 -l8
[0.448s] Invoking command in '/home/ananya/ros2_ws/build/my_robot_interfaces': CMAKE_PREFIX_PATH=${CMAKE_PREFIX_PATH}:/home/ananya/ros2_ws/install/turtle_controller:/home/ananya/ros2_ws/install/my_py_pkg:/opt/ros/jazzy DEBUGINFOD_URLS=https://debuginfod.ubuntu.com /usr/bin/cmake --install /home/ananya/ros2_ws/build/my_robot_interfaces
[0.460s] -- Install configuration: ""
[0.460s] -- Up-to-date: /home/ananya/ros2_ws/install/my_robot_interfaces/share/ament_index/resource_index/rosidl_interfaces/my_robot_interfaces
[0.461s] -- Up-to-date: /home/ananya/ros2_ws/install/my_robot_interfaces/share/my_robot_interfaces/msg/HardwareStatus.json
[0.461s] -- Up-to-date: /home/ananya/ros2_ws/install/my_robot_interfaces/share/my_robot_interfaces/srv/ResetCounter.json
[0.461s] -- Up-to-date: /home/ananya/ros2_ws/install/my_robot_interfaces/share/my_robot_interfaces/srv/ActivateTurtle.json
[0.461s] -- Up-to-date: /home/ananya/ros2_ws/install/my_robot_interfaces/share/my_robot_interfaces/action/CountUntil.json
[0.462s] -- Up-to-date: /home/ananya/ros2_ws/install/my_robot_interfaces/include/my_robot_interfaces/my_robot_interfaces
[0.462s] -- Up-to-date: /home/ananya/ros2_ws/install/my_robot_interfaces/include/my_robot_interfaces/my_robot_interfaces/srv
[0.462s] -- Up-to-date: /home/ananya/ros2_ws/install/my_robot_interfaces/include/my_robot_interfaces/my_robot_interfaces/srv/reset_counter.h
[0.462s] -- Up-to-date: /home/ananya/ros2_ws/install/my_robot_interfaces/include/my_robot_interfaces/my_robot_interfaces/srv/detail
[0.462s] -- Up-to-date: /home/ananya/ros2_ws/install/my_robot_interfaces/include/my_robot_interfaces/my_robot_interfaces/srv/detail/activate_turtle__type_support.h
[0.462s] -- Installing: /home/ananya/ros2_ws/install/my_robot_interfaces/include/my_robot_interfaces/my_robot_interfaces/srv/detail/activate_turtle__type_support.c
[0.462s] -- Up-to-date: /home/ananya/ros2_ws/install/my_robot_interfaces/include/my_robot_interfaces/my_robot_interfaces/srv/detail/activate_turtle__description.c
[0.463s] -- Up-to-date: /home/ananya/ros2_ws/install/my_robot_interfaces/include/my_robot_interfaces/my_robot_interfaces/srv/detail/activate_turtle__functions.c
[0.463s] -- Up-to-date: /home/ananya/ros2_ws/install/my_robot_interfaces/include/my_robot_interfaces/my_robot_interfaces/srv/detail/reset_counter__type_support.h
[0.463s] -- Up-to-date: /home/ananya/ros2_ws/install/my_robot_interfaces/include/my_robot_interfaces/my_robot_interfaces/srv/detail/activate_turtle__functions.h
[0.463s] -- Up-to-date: /home/ananya/ros2_ws/install/my_robot_interfaces/include/my_robot_interfaces/my_robot_interfaces/srv/detail/reset_counter__description.c
[0.463s] -- Up-to-date: /home/ananya/ros2_ws/install/my_robot_interfaces/include/my_robot_interfaces/my_robot_interfaces/srv/detail/activate_turtle__struct.h
[0.463s] -- Up-to-date: /home/ananya/ros2_ws/install/my_robot_interfaces/include/my_robot_interfaces/my_robot_interfaces/srv/detail/reset_counter__functions.c
[0.463s] -- Up-to-date: /home/ananya/ros2_ws/install/my_robot_interfaces/include/my_robot_interfaces/my_robot_interfaces/srv/detail/reset_counter__functions.h
[0.463s] -- Up-to-date: /home/ananya/ros2_ws/install/my_robot_interfaces/include/my_robot_interfaces/my_robot_interfaces/srv/detail/reset_counter__struct.h
[0.464s] -- Installing: /home/ananya/ros2_ws/install/my_robot_interfaces/include/my_robot_interfaces/my_robot_interfaces/srv/detail/reset_counter__type_support.c
[0.464s] -- Up-to-date: /home/ananya/ros2_ws/install/my_robot_interfaces/include/my_robot_interfaces/my_robot_interfaces/srv/activate_turtle.h
[0.464s] -- Up-to-date: /home/ananya/ros2_ws/install/my_robot_interfaces/include/my_robot_interfaces/my_robot_interfaces/msg
[0.464s] -- Up-to-date: /home/ananya/ros2_ws/install/my_robot_interfaces/include/my_robot_interfaces/my_robot_interfaces/msg/hardware_status.h
[0.464s] -- Up-to-date: /home/ananya/ros2_ws/install/my_robot_interfaces/include/my_robot_interfaces/my_robot_interfaces/msg/turtle_publisher.h
[0.464s] -- Up-to-date: /home/ananya/ros2_ws/install/my_robot_interfaces/include/my_robot_interfaces/my_robot_interfaces/msg/detail
[0.464s] -- Up-to-date: /home/ananya/ros2_ws/install/my_robot_interfaces/include/my_robot_interfaces/my_robot_interfaces/msg/detail/turtle_publisher__type_support.h
[0.465s] -- Up-to-date: /home/ananya/ros2_ws/install/my_robot_interfaces/include/my_robot_interfaces/my_robot_interfaces/msg/detail/hardware_status__description.c
[0.465s] -- Installing: /home/ananya/ros2_ws/install/my_robot_interfaces/include/my_robot_interfaces/my_robot_interfaces/msg/detail/hardware_status__type_support.c
[0.465s] -- Up-to-date: /home/ananya/ros2_ws/install/my_robot_interfaces/include/my_robot_interfaces/my_robot_interfaces/msg/detail/turtle_publisher__type_support.c
[0.465s] -- Up-to-date: /home/ananya/ros2_ws/install/my_robot_interfaces/include/my_robot_interfaces/my_robot_interfaces/msg/detail/hardware_status__functions.c
[0.465s] -- Up-to-date: /home/ananya/ros2_ws/install/my_robot_interfaces/include/my_robot_interfaces/my_robot_interfaces/msg/detail/hardware_status__type_support.h
[0.465s] -- Up-to-date: /home/ananya/ros2_ws/install/my_robot_interfaces/include/my_robot_interfaces/my_robot_interfaces/msg/detail/turtle_publisher__struct.h
[0.465s] -- Up-to-date: /home/ananya/ros2_ws/install/my_robot_interfaces/include/my_robot_interfaces/my_robot_interfaces/msg/detail/turtle_publisher__functions.c
[0.465s] -- Up-to-date: /home/ananya/ros2_ws/install/my_robot_interfaces/include/my_robot_interfaces/my_robot_interfaces/msg/detail/hardware_status__functions.h
[0.465s] -- Up-to-date: /home/ananya/ros2_ws/install/my_robot_interfaces/include/my_robot_interfaces/my_robot_interfaces/msg/detail/turtle_publisher__functions.h
[0.466s] -- Up-to-date: /home/ananya/ros2_ws/install/my_robot_interfaces/include/my_robot_interfaces/my_robot_interfaces/msg/detail/turtle_publisher__description.c
[0.466s] -- Up-to-date: /home/ananya/ros2_ws/install/my_robot_interfaces/include/my_robot_interfaces/my_robot_interfaces/msg/detail/hardware_status__struct.h
[0.466s] -- Up-to-date: /home/ananya/ros2_ws/install/my_robot_interfaces/include/my_robot_interfaces/my_robot_interfaces/msg/rosidl_generator_c__visibility_control.h
[0.466s] -- Up-to-date: /home/ananya/ros2_ws/install/my_robot_interfaces/include/my_robot_interfaces/my_robot_interfaces/action
[0.466s] -- Up-to-date: /home/ananya/ros2_ws/install/my_robot_interfaces/include/my_robot_interfaces/my_robot_interfaces/action/detail
[0.466s] -- Up-to-date: /home/ananya/ros2_ws/install/my_robot_interfaces/include/my_robot_interfaces/my_robot_interfaces/action/detail/count_until__type_support.h
[0.466s] -- Up-to-date: /home/ananya/ros2_ws/install/my_robot_interfaces/include/my_robot_interfaces/my_robot_interfaces/action/detail/count_until__description.c
[0.466s] -- Up-to-date: /home/ananya/ros2_ws/install/my_robot_interfaces/include/my_robot_interfaces/my_robot_interfaces/action/detail/count_until__functions.c
[0.467s] -- Installing: /home/ananya/ros2_ws/install/my_robot_interfaces/include/my_robot_interfaces/my_robot_interfaces/action/detail/count_until__type_support.c
[0.467s] -- Up-to-date: /home/ananya/ros2_ws/install/my_robot_interfaces/include/my_robot_interfaces/my_robot_interfaces/action/detail/count_until__functions.h
[0.467s] -- Up-to-date: /home/ananya/ros2_ws/install/my_robot_interfaces/include/my_robot_interfaces/my_robot_interfaces/action/detail/count_until__struct.h
[0.467s] -- Up-to-date: /home/ananya/ros2_ws/install/my_robot_interfaces/include/my_robot_interfaces/my_robot_interfaces/action/count_until.h
[0.467s] -- Up-to-date: /home/ananya/ros2_ws/install/my_robot_interfaces/share/my_robot_interfaces/environment/library_path.sh
[0.468s] -- Up-to-date: /home/ananya/ros2_ws/install/my_robot_interfaces/share/my_robot_interfaces/environment/library_path.dsv
[0.468s] -- Up-to-date: /home/ananya/ros2_ws/install/my_robot_interfaces/lib/libmy_robot_interfaces__rosidl_generator_c.so
[0.468s] -- Up-to-date: /home/ananya/ros2_ws/install/my_robot_interfaces/include/my_robot_interfaces/my_robot_interfaces
[0.468s] -- Up-to-date: /home/ananya/ros2_ws/install/my_robot_interfaces/include/my_robot_interfaces/my_robot_interfaces/srv
[0.468s] -- Up-to-date: /home/ananya/ros2_ws/install/my_robot_interfaces/include/my_robot_interfaces/my_robot_interfaces/srv/detail
[0.468s] -- Up-to-date: /home/ananya/ros2_ws/install/my_robot_interfaces/include/my_robot_interfaces/my_robot_interfaces/srv/detail/reset_counter__rosidl_typesupport_fastrtps_c.h
[0.468s] -- Up-to-date: /home/ananya/ros2_ws/install/my_robot_interfaces/include/my_robot_interfaces/my_robot_interfaces/srv/detail/activate_turtle__rosidl_typesupport_fastrtps_c.h
[0.468s] -- Up-to-date: /home/ananya/ros2_ws/install/my_robot_interfaces/include/my_robot_interfaces/my_robot_interfaces/msg
[0.468s] -- Up-to-date: /home/ananya/ros2_ws/install/my_robot_interfaces/include/my_robot_interfaces/my_robot_interfaces/msg/detail
[0.468s] -- Up-to-date: /home/ananya/ros2_ws/install/my_robot_interfaces/include/my_robot_interfaces/my_robot_interfaces/msg/detail/hardware_status__rosidl_typesupport_fastrtps_c.h
[0.468s] -- Up-to-date: /home/ananya/ros2_ws/install/my_robot_interfaces/include/my_robot_interfaces/my_robot_interfaces/msg/detail/turtle_publisher__rosidl_typesupport_fastrtps_c.h
[0.468s] -- Up-to-date: /home/ananya/ros2_ws/install/my_robot_interfaces/include/my_robot_interfaces/my_robot_interfaces/msg/rosidl_typesupport_fastrtps_c__visibility_control.h
[0.468s] -- Up-to-date: /home/ananya/ros2_ws/install/my_robot_interfaces/include/my_robot_interfaces/my_robot_interfaces/action
[0.469s] -- Up-to-date: /home/ananya/ros2_ws/install/my_robot_interfaces/include/my_robot_interfaces/my_robot_interfaces/action/detail
[0.469s] -- Up-to-date: /home/ananya/ros2_ws/install/my_robot_interfaces/include/my_robot_interfaces/my_robot_interfaces/action/detail/count_until__rosidl_typesupport_fastrtps_c.h
[0.469s] -- Up-to-date: /home/ananya/ros2_ws/install/my_robot_interfaces/lib/libmy_robot_interfaces__rosidl_typesupport_fastrtps_c.so
[0.469s] -- Up-to-date: /home/ananya/ros2_ws/install/my_robot_interfaces/include/my_robot_interfaces/my_robot_interfaces
[0.469s] -- Up-to-date: /home/ananya/ros2_ws/install/my_robot_interfaces/include/my_robot_interfaces/my_robot_interfaces/srv
[0.469s] -- Up-to-date: /home/ananya/ros2_ws/install/my_robot_interfaces/include/my_robot_interfaces/my_robot_interfaces/srv/detail
[0.469s] -- Installing: /home/ananya/ros2_ws/install/my_robot_interfaces/include/my_robot_interfaces/my_robot_interfaces/srv/detail/activate_turtle__type_support.c
[0.469s] -- Up-to-date: /home/ananya/ros2_ws/install/my_robot_interfaces/include/my_robot_interfaces/my_robot_interfaces/srv/detail/reset_counter__rosidl_typesupport_introspection_c.h
[0.469s] -- Up-to-date: /home/ananya/ros2_ws/install/my_robot_interfaces/include/my_robot_interfaces/my_robot_interfaces/srv/detail/activate_turtle__rosidl_typesupport_introspection_c.h
[0.469s] -- Installing: /home/ananya/ros2_ws/install/my_robot_interfaces/include/my_robot_interfaces/my_robot_interfaces/srv/detail/reset_counter__type_support.c
[0.469s] -- Up-to-date: /home/ananya/ros2_ws/install/my_robot_interfaces/include/my_robot_interfaces/my_robot_interfaces/msg
[0.470s] -- Up-to-date: /home/ananya/ros2_ws/install/my_robot_interfaces/include/my_robot_interfaces/my_robot_interfaces/msg/rosidl_typesupport_introspection_c__visibility_control.h
[0.470s] -- Up-to-date: /home/ananya/ros2_ws/install/my_robot_interfaces/include/my_robot_interfaces/my_robot_interfaces/msg/detail
[0.470s] -- Up-to-date: /home/ananya/ros2_ws/install/my_robot_interfaces/include/my_robot_interfaces/my_robot_interfaces/msg/detail/turtle_publisher__rosidl_typesupport_introspection_c.h
[0.470s] -- Up-to-date: /home/ananya/ros2_ws/install/my_robot_interfaces/include/my_robot_interfaces/my_robot_interfaces/msg/detail/hardware_status__rosidl_typesupport_introspection_c.h
[0.470s] -- Installing: /home/ananya/ros2_ws/install/my_robot_interfaces/include/my_robot_interfaces/my_robot_interfaces/msg/detail/hardware_status__type_support.c
[0.470s] -- Up-to-date: /home/ananya/ros2_ws/install/my_robot_interfaces/include/my_robot_interfaces/my_robot_interfaces/msg/detail/turtle_publisher__type_support.c
[0.470s] -- Up-to-date: /home/ananya/ros2_ws/install/my_robot_interfaces/include/my_robot_interfaces/my_robot_interfaces/action
[0.470s] -- Up-to-date: /home/ananya/ros2_ws/install/my_robot_interfaces/include/my_robot_interfaces/my_robot_interfaces/action/detail
[0.470s] -- Installing: /home/ananya/ros2_ws/install/my_robot_interfaces/include/my_robot_interfaces/my_robot_interfaces/action/detail/count_until__type_support.c
[0.470s] -- Up-to-date: /home/ananya/ros2_ws/install/my_robot_interfaces/include/my_robot_interfaces/my_robot_interfaces/action/detail/count_until__rosidl_typesupport_introspection_c.h
[0.470s] -- Up-to-date: /home/ananya/ros2_ws/install/my_robot_interfaces/lib/libmy_robot_interfaces__rosidl_typesupport_introspection_c.so
[0.470s] -- Up-to-date: /home/ananya/ros2_ws/install/my_robot_interfaces/lib/libmy_robot_interfaces__rosidl_typesupport_c.so
[0.470s] -- Up-to-date: /home/ananya/ros2_ws/install/my_robot_interfaces/include/my_robot_interfaces/my_robot_interfaces
[0.471s] -- Up-to-date: /home/ananya/ros2_ws/install/my_robot_interfaces/include/my_robot_interfaces/my_robot_interfaces/srv
[0.471s] -- Up-to-date: /home/ananya/ros2_ws/install/my_robot_interfaces/include/my_robot_interfaces/my_robot_interfaces/srv/activate_turtle.hpp
[0.471s] -- Up-to-date: /home/ananya/ros2_ws/install/my_robot_interfaces/include/my_robot_interfaces/my_robot_interfaces/srv/detail
[0.471s] -- Up-to-date: /home/ananya/ros2_ws/install/my_robot_interfaces/include/my_robot_interfaces/my_robot_interfaces/srv/detail/activate_turtle__struct.hpp
[0.471s] -- Up-to-date: /home/ananya/ros2_ws/install/my_robot_interfaces/include/my_robot_interfaces/my_robot_interfaces/srv/detail/activate_turtle__type_support.hpp
[0.471s] -- Up-to-date: /home/ananya/ros2_ws/install/my_robot_interfaces/include/my_robot_interfaces/my_robot_interfaces/srv/detail/activate_turtle__builder.hpp
[0.471s] -- Up-to-date: /home/ananya/ros2_ws/install/my_robot_interfaces/include/my_robot_interfaces/my_robot_interfaces/srv/detail/reset_counter__type_support.hpp
[0.471s] -- Up-to-date: /home/ananya/ros2_ws/install/my_robot_interfaces/include/my_robot_interfaces/my_robot_interfaces/srv/detail/reset_counter__struct.hpp
[0.471s] -- Up-to-date: /home/ananya/ros2_ws/install/my_robot_interfaces/include/my_robot_interfaces/my_robot_interfaces/srv/detail/activate_turtle__traits.hpp
[0.472s] -- Up-to-date: /home/ananya/ros2_ws/install/my_robot_interfaces/include/my_robot_interfaces/my_robot_interfaces/srv/detail/reset_counter__builder.hpp
[0.472s] -- Up-to-date: /home/ananya/ros2_ws/install/my_robot_interfaces/include/my_robot_interfaces/my_robot_interfaces/srv/detail/reset_counter__traits.hpp
[0.472s] -- Up-to-date: /home/ananya/ros2_ws/install/my_robot_interfaces/include/my_robot_interfaces/my_robot_interfaces/srv/reset_counter.hpp
[0.472s] -- Up-to-date: /home/ananya/ros2_ws/install/my_robot_interfaces/include/my_robot_interfaces/my_robot_interfaces/msg
[0.472s] -- Up-to-date: /home/ananya/ros2_ws/install/my_robot_interfaces/include/my_robot_interfaces/my_robot_interfaces/msg/hardware_status.hpp
[0.472s] -- Up-to-date: /home/ananya/ros2_ws/install/my_robot_interfaces/include/my_robot_interfaces/my_robot_interfaces/msg/detail
[0.472s] -- Up-to-date: /home/ananya/ros2_ws/install/my_robot_interfaces/include/my_robot_interfaces/my_robot_interfaces/msg/detail/turtle_publisher__builder.hpp
[0.472s] -- Up-to-date: /home/ananya/ros2_ws/install/my_robot_interfaces/include/my_robot_interfaces/my_robot_interfaces/msg/detail/turtle_publisher__struct.hpp
[0.472s] -- Up-to-date: /home/ananya/ros2_ws/install/my_robot_interfaces/include/my_robot_interfaces/my_robot_interfaces/msg/detail/turtle_publisher__type_support.hpp
[0.472s] -- Up-to-date: /home/ananya/ros2_ws/install/my_robot_interfaces/include/my_robot_interfaces/my_robot_interfaces/msg/detail/hardware_status__traits.hpp
[0.472s] -- Up-to-date: /home/ananya/ros2_ws/install/my_robot_interfaces/include/my_robot_interfaces/my_robot_interfaces/msg/detail/hardware_status__type_support.hpp
[0.472s] -- Up-to-date: /home/ananya/ros2_ws/install/my_robot_interfaces/include/my_robot_interfaces/my_robot_interfaces/msg/detail/turtle_publisher__traits.hpp
[0.472s] -- Up-to-date: /home/ananya/ros2_ws/install/my_robot_interfaces/include/my_robot_interfaces/my_robot_interfaces/msg/detail/hardware_status__builder.hpp
[0.472s] -- Up-to-date: /home/ananya/ros2_ws/install/my_robot_interfaces/include/my_robot_interfaces/my_robot_interfaces/msg/detail/hardware_status__struct.hpp
[0.472s] -- Up-to-date: /home/ananya/ros2_ws/install/my_robot_interfaces/include/my_robot_interfaces/my_robot_interfaces/msg/turtle_publisher.hpp
[0.473s] -- Up-to-date: /home/ananya/ros2_ws/install/my_robot_interfaces/include/my_robot_interfaces/my_robot_interfaces/msg/rosidl_generator_cpp__visibility_control.hpp
[0.473s] -- Up-to-date: /home/ananya/ros2_ws/install/my_robot_interfaces/include/my_robot_interfaces/my_robot_interfaces/action
[0.473s] -- Up-to-date: /home/ananya/ros2_ws/install/my_robot_interfaces/include/my_robot_interfaces/my_robot_interfaces/action/count_until.hpp
[0.473s] -- Up-to-date: /home/ananya/ros2_ws/install/my_robot_interfaces/include/my_robot_interfaces/my_robot_interfaces/action/detail
[0.473s] -- Up-to-date: /home/ananya/ros2_ws/install/my_robot_interfaces/include/my_robot_interfaces/my_robot_interfaces/action/detail/count_until__type_support.hpp
[0.473s] -- Up-to-date: /home/ananya/ros2_ws/install/my_robot_interfaces/include/my_robot_interfaces/my_robot_interfaces/action/detail/count_until__builder.hpp
[0.473s] -- Up-to-date: /home/ananya/ros2_ws/install/my_robot_interfaces/include/my_robot_interfaces/my_robot_interfaces/action/detail/count_until__struct.hpp
[0.473s] -- Up-to-date: /home/ananya/ros2_ws/install/my_robot_interfaces/include/my_robot_interfaces/my_robot_interfaces/action/detail/count_until__traits.hpp
[0.473s] -- Up-to-date: /home/ananya/ros2_ws/install/my_robot_interfaces/include/my_robot_interfaces/my_robot_interfaces
[0.473s] -- Up-to-date: /home/ananya/ros2_ws/install/my_robot_interfaces/include/my_robot_interfaces/my_robot_interfaces/srv
[0.473s] -- Up-to-date: /home/ananya/ros2_ws/install/my_robot_interfaces/include/my_robot_interfaces/my_robot_interfaces/srv/detail
[0.473s] -- Up-to-date: /home/ananya/ros2_ws/install/my_robot_interfaces/include/my_robot_interfaces/my_robot_interfaces/srv/detail/dds_fastrtps
[0.473s] -- Up-to-date: /home/ananya/ros2_ws/install/my_robot_interfaces/include/my_robot_interfaces/my_robot_interfaces/srv/detail/reset_counter__rosidl_typesupport_fastrtps_cpp.hpp
[0.473s] -- Up-to-date: /home/ananya/ros2_ws/install/my_robot_interfaces/include/my_robot_interfaces/my_robot_interfaces/srv/detail/activate_turtle__rosidl_typesupport_fastrtps_cpp.hpp
[0.473s] -- Up-to-date: /home/ananya/ros2_ws/install/my_robot_interfaces/include/my_robot_interfaces/my_robot_interfaces/msg
[0.474s] -- Up-to-date: /home/ananya/ros2_ws/install/my_robot_interfaces/include/my_robot_interfaces/my_robot_interfaces/msg/rosidl_typesupport_fastrtps_cpp__visibility_control.h
[0.474s] -- Up-to-date: /home/ananya/ros2_ws/install/my_robot_interfaces/include/my_robot_interfaces/my_robot_interfaces/msg/detail
[0.474s] -- Up-to-date: /home/ananya/ros2_ws/install/my_robot_interfaces/include/my_robot_interfaces/my_robot_interfaces/msg/detail/dds_fastrtps
[0.474s] -- Up-to-date: /home/ananya/ros2_ws/install/my_robot_interfaces/include/my_robot_interfaces/my_robot_interfaces/msg/detail/turtle_publisher__rosidl_typesupport_fastrtps_cpp.hpp
[0.474s] -- Up-to-date: /home/ananya/ros2_ws/install/my_robot_interfaces/include/my_robot_interfaces/my_robot_interfaces/msg/detail/hardware_status__rosidl_typesupport_fastrtps_cpp.hpp
[0.474s] -- Up-to-date: /home/ananya/ros2_ws/install/my_robot_interfaces/include/my_robot_interfaces/my_robot_interfaces/action
[0.474s] -- Up-to-date: /home/ananya/ros2_ws/install/my_robot_interfaces/include/my_robot_interfaces/my_robot_interfaces/action/detail
[0.474s] -- Up-to-date: /home/ananya/ros2_ws/install/my_robot_interfaces/include/my_robot_interfaces/my_robot_interfaces/action/detail/dds_fastrtps
[0.474s] -- Up-to-date: /home/ananya/ros2_ws/install/my_robot_interfaces/include/my_robot_interfaces/my_robot_interfaces/action/detail/count_until__rosidl_typesupport_fastrtps_cpp.hpp
[0.474s] -- Up-to-date: /home/ananya/ros2_ws/install/my_robot_interfaces/lib/libmy_robot_interfaces__rosidl_typesupport_fastrtps_cpp.so
[0.474s] -- Up-to-date: /home/ananya/ros2_ws/install/my_robot_interfaces/include/my_robot_interfaces/my_robot_interfaces
[0.474s] -- Up-to-date: /home/ananya/ros2_ws/install/my_robot_interfaces/include/my_robot_interfaces/my_robot_interfaces/srv
[0.474s] -- Up-to-date: /home/ananya/ros2_ws/install/my_robot_interfaces/include/my_robot_interfaces/my_robot_interfaces/srv/detail
[0.474s] -- Up-to-date: /home/ananya/ros2_ws/install/my_robot_interfaces/include/my_robot_interfaces/my_robot_interfaces/srv/detail/reset_counter__type_support.cpp
[0.474s] -- Up-to-date: /home/ananya/ros2_ws/install/my_robot_interfaces/include/my_robot_interfaces/my_robot_interfaces/srv/detail/reset_counter__rosidl_typesupport_introspection_cpp.hpp
[0.475s] -- Up-to-date: /home/ananya/ros2_ws/install/my_robot_interfaces/include/my_robot_interfaces/my_robot_interfaces/srv/detail/activate_turtle__rosidl_typesupport_introspection_cpp.hpp
[0.475s] -- Up-to-date: /home/ananya/ros2_ws/install/my_robot_interfaces/include/my_robot_interfaces/my_robot_interfaces/srv/detail/activate_turtle__type_support.cpp
[0.475s] -- Up-to-date: /home/ananya/ros2_ws/install/my_robot_interfaces/include/my_robot_interfaces/my_robot_interfaces/msg
[0.475s] -- Up-to-date: /home/ananya/ros2_ws/install/my_robot_interfaces/include/my_robot_interfaces/my_robot_interfaces/msg/detail
[0.475s] -- Up-to-date: /home/ananya/ros2_ws/install/my_robot_interfaces/include/my_robot_interfaces/my_robot_interfaces/msg/detail/hardware_status__type_support.cpp
[0.475s] -- Up-to-date: /home/ananya/ros2_ws/install/my_robot_interfaces/include/my_robot_interfaces/my_robot_interfaces/msg/detail/turtle_publisher__rosidl_typesupport_introspection_cpp.hpp
[0.475s] -- Up-to-date: /home/ananya/ros2_ws/install/my_robot_interfaces/include/my_robot_interfaces/my_robot_interfaces/msg/detail/turtle_publisher__type_support.cpp
[0.475s] -- Up-to-date: /home/ananya/ros2_ws/install/my_robot_interfaces/include/my_robot_interfaces/my_robot_interfaces/msg/detail/hardware_status__rosidl_typesupport_introspection_cpp.hpp
[0.475s] -- Up-to-date: /home/ananya/ros2_ws/install/my_robot_interfaces/include/my_robot_interfaces/my_robot_interfaces/action
[0.475s] -- Up-to-date: /home/ananya/ros2_ws/install/my_robot_interfaces/include/my_robot_interfaces/my_robot_interfaces/action/detail
[0.475s] -- Up-to-date: /home/ananya/ros2_ws/install/my_robot_interfaces/include/my_robot_interfaces/my_robot_interfaces/action/detail/count_until__rosidl_typesupport_introspection_cpp.hpp
[0.475s] -- Up-to-date: /home/ananya/ros2_ws/install/my_robot_interfaces/include/my_robot_interfaces/my_robot_interfaces/action/detail/count_until__type_support.cpp
[0.475s] -- Up-to-date: /home/ananya/ros2_ws/install/my_robot_interfaces/lib/libmy_robot_interfaces__rosidl_typesupport_introspection_cpp.so
[0.475s] -- Up-to-date: /home/ananya/ros2_ws/install/my_robot_interfaces/lib/libmy_robot_interfaces__rosidl_typesupport_cpp.so
[0.475s] -- Up-to-date: /home/ananya/ros2_ws/install/my_robot_interfaces/share/my_robot_interfaces/environment/pythonpath.sh
[0.475s] -- Up-to-date: /home/ananya/ros2_ws/install/my_robot_interfaces/share/my_robot_interfaces/environment/pythonpath.dsv
[0.476s] -- Up-to-date: /home/ananya/ros2_ws/install/my_robot_interfaces/lib/python3.12/site-packages/my_robot_interfaces-0.0.0-py3.12.egg-info
[0.476s] -- Installing: /home/ananya/ros2_ws/install/my_robot_interfaces/lib/python3.12/site-packages/my_robot_interfaces-0.0.0-py3.12.egg-info/top_level.txt
[0.476s] -- Installing: /home/ananya/ros2_ws/install/my_robot_interfaces/lib/python3.12/site-packages/my_robot_interfaces-0.0.0-py3.12.egg-info/PKG-INFO
[0.476s] -- Installing: /home/ananya/ros2_ws/install/my_robot_interfaces/lib/python3.12/site-packages/my_robot_interfaces-0.0.0-py3.12.egg-info/dependency_links.txt
[0.476s] -- Installing: /home/ananya/ros2_ws/install/my_robot_interfaces/lib/python3.12/site-packages/my_robot_interfaces-0.0.0-py3.12.egg-info/SOURCES.txt
[0.476s] -- Up-to-date: /home/ananya/ros2_ws/install/my_robot_interfaces/lib/python3.12/site-packages/my_robot_interfaces
[0.476s] -- Up-to-date: /home/ananya/ros2_ws/install/my_robot_interfaces/lib/python3.12/site-packages/my_robot_interfaces/srv
[0.476s] -- Up-to-date: /home/ananya/ros2_ws/install/my_robot_interfaces/lib/python3.12/site-packages/my_robot_interfaces/srv/_reset_counter_s.c
[0.476s] -- Up-to-date: /home/ananya/ros2_ws/install/my_robot_interfaces/lib/python3.12/site-packages/my_robot_interfaces/srv/_activate_turtle_s.c
[0.476s] -- Up-to-date: /home/ananya/ros2_ws/install/my_robot_interfaces/lib/python3.12/site-packages/my_robot_interfaces/srv/_reset_counter.py
[0.476s] -- Up-to-date: /home/ananya/ros2_ws/install/my_robot_interfaces/lib/python3.12/site-packages/my_robot_interfaces/srv/__init__.py
[0.476s] -- Up-to-date: /home/ananya/ros2_ws/install/my_robot_interfaces/lib/python3.12/site-packages/my_robot_interfaces/srv/_activate_turtle.py
[0.476s] -- Up-to-date: /home/ananya/ros2_ws/install/my_robot_interfaces/lib/python3.12/site-packages/my_robot_interfaces/msg
[0.476s] -- Up-to-date: /home/ananya/ros2_ws/install/my_robot_interfaces/lib/python3.12/site-packages/my_robot_interfaces/msg/_turtle_publisher.py
[0.476s] -- Up-to-date: /home/ananya/ros2_ws/install/my_robot_interfaces/lib/python3.12/site-packages/my_robot_interfaces/msg/_hardware_status_s.c
[0.476s] -- Up-to-date: /home/ananya/ros2_ws/install/my_robot_interfaces/lib/python3.12/site-packages/my_robot_interfaces/msg/_hardware_status.py
[0.477s] -- Up-to-date: /home/ananya/ros2_ws/install/my_robot_interfaces/lib/python3.12/site-packages/my_robot_interfaces/msg/_turtle_publisher_s.c
[0.477s] -- Up-to-date: /home/ananya/ros2_ws/install/my_robot_interfaces/lib/python3.12/site-packages/my_robot_interfaces/msg/__init__.py
[0.477s] -- Up-to-date: /home/ananya/ros2_ws/install/my_robot_interfaces/lib/python3.12/site-packages/my_robot_interfaces/my_robot_interfaces_s__rosidl_typesupport_fastrtps_c.so
[0.477s] -- Up-to-date: /home/ananya/ros2_ws/install/my_robot_interfaces/lib/python3.12/site-packages/my_robot_interfaces/_my_robot_interfaces_s.ep.rosidl_typesupport_fastrtps_c.c
[0.477s] -- Up-to-date: /home/ananya/ros2_ws/install/my_robot_interfaces/lib/python3.12/site-packages/my_robot_interfaces/_my_robot_interfaces_s.ep.rosidl_typesupport_introspection_c.c
[0.477s] -- Up-to-date: /home/ananya/ros2_ws/install/my_robot_interfaces/lib/python3.12/site-packages/my_robot_interfaces/action
[0.477s] -- Up-to-date: /home/ananya/ros2_ws/install/my_robot_interfaces/lib/python3.12/site-packages/my_robot_interfaces/action/_count_until_s.c
[0.477s] -- Up-to-date: /home/ananya/ros2_ws/install/my_robot_interfaces/lib/python3.12/site-packages/my_robot_interfaces/action/__init__.py
[0.477s] -- Up-to-date: /home/ananya/ros2_ws/install/my_robot_interfaces/lib/python3.12/site-packages/my_robot_interfaces/action/_count_until.py
[0.477s] -- Up-to-date: /home/ananya/ros2_ws/install/my_robot_interfaces/lib/python3.12/site-packages/my_robot_interfaces/my_robot_interfaces_s__rosidl_typesupport_introspection_c.so
[0.477s] -- Up-to-date: /home/ananya/ros2_ws/install/my_robot_interfaces/lib/python3.12/site-packages/my_robot_interfaces/my_robot_interfaces_s__rosidl_typesupport_c.so
[0.477s] -- Up-to-date: /home/ananya/ros2_ws/install/my_robot_interfaces/lib/python3.12/site-packages/my_robot_interfaces/_my_robot_interfaces_s.ep.rosidl_typesupport_c.c
[0.477s] -- Up-to-date: /home/ananya/ros2_ws/install/my_robot_interfaces/lib/python3.12/site-packages/my_robot_interfaces/__init__.py
[0.506s] Listing '/home/ananya/ros2_ws/install/my_robot_interfaces/lib/python3.12/site-packages/my_robot_interfaces'...
[0.506s] Listing '/home/ananya/ros2_ws/install/my_robot_interfaces/lib/python3.12/site-packages/my_robot_interfaces/action'...
[0.507s] Listing '/home/ananya/ros2_ws/install/my_robot_interfaces/lib/python3.12/site-packages/my_robot_interfaces/msg'...
[0.507s] Listing '/home/ananya/ros2_ws/install/my_robot_interfaces/lib/python3.12/site-packages/my_robot_interfaces/srv'...
[0.512s] -- Up-to-date: /home/ananya/ros2_ws/install/my_robot_interfaces/lib/python3.12/site-packages/my_robot_interfaces/my_robot_interfaces_s__rosidl_typesupport_fastrtps_c.so
[0.512s] -- Up-to-date: /home/ananya/ros2_ws/install/my_robot_interfaces/lib/python3.12/site-packages/my_robot_interfaces/my_robot_interfaces_s__rosidl_typesupport_introspection_c.so
[0.512s] -- Up-to-date: /home/ananya/ros2_ws/install/my_robot_interfaces/lib/python3.12/site-packages/my_robot_interfaces/my_robot_interfaces_s__rosidl_typesupport_c.so
[0.512s] -- Up-to-date: /home/ananya/ros2_ws/install/my_robot_interfaces/lib/libmy_robot_interfaces__rosidl_generator_py.so
[0.513s] -- Up-to-date: /home/ananya/ros2_ws/install/my_robot_interfaces/share/my_robot_interfaces/msg/HardwareStatus.idl
[0.513s] -- Up-to-date: /home/ananya/ros2_ws/install/my_robot_interfaces/share/my_robot_interfaces/srv/ResetCounter.idl
[0.513s] -- Up-to-date: /home/ananya/ros2_ws/install/my_robot_interfaces/share/my_robot_interfaces/srv/ActivateTurtle.idl
[0.513s] -- Up-to-date: /home/ananya/ros2_ws/install/my_robot_interfaces/share/my_robot_interfaces/action/CountUntil.idl
[0.513s] -- Up-to-date: /home/ananya/ros2_ws/install/my_robot_interfaces/share/my_robot_interfaces/msg/HardwareStatus.msg
[0.513s] -- Up-to-date: /home/ananya/ros2_ws/install/my_robot_interfaces/share/my_robot_interfaces/srv/ResetCounter.srv
[0.513s] -- Up-to-date: /home/ananya/ros2_ws/install/my_robot_interfaces/share/my_robot_interfaces/srv/ActivateTurtle.srv
[0.513s] -- Up-to-date: /home/ananya/ros2_ws/install/my_robot_interfaces/share/my_robot_interfaces/action/CountUntil.action
[0.513s] -- Up-to-date: /home/ananya/ros2_ws/install/my_robot_interfaces/share/ament_index/resource_index/package_run_dependencies/my_robot_interfaces
[0.513s] -- Up-to-date: /home/ananya/ros2_ws/install/my_robot_interfaces/share/ament_index/resource_index/parent_prefix_path/my_robot_interfaces
[0.513s] -- Up-to-date: /home/ananya/ros2_ws/install/my_robot_interfaces/share/my_robot_interfaces/environment/ament_prefix_path.sh
[0.513s] -- Up-to-date: /home/ananya/ros2_ws/install/my_robot_interfaces/share/my_robot_interfaces/environment/ament_prefix_path.dsv
[0.514s] -- Up-to-date: /home/ananya/ros2_ws/install/my_robot_interfaces/share/my_robot_interfaces/environment/path.sh
[0.514s] -- Up-to-date: /home/ananya/ros2_ws/install/my_robot_interfaces/share/my_robot_interfaces/environment/path.dsv
[0.514s] -- Up-to-date: /home/ananya/ros2_ws/install/my_robot_interfaces/share/my_robot_interfaces/local_setup.bash
[0.514s] -- Up-to-date: /home/ananya/ros2_ws/install/my_robot_interfaces/share/my_robot_interfaces/local_setup.sh
[0.514s] -- Up-to-date: /home/ananya/ros2_ws/install/my_robot_interfaces/share/my_robot_interfaces/local_setup.zsh
[0.514s] -- Up-to-date: /home/ananya/ros2_ws/install/my_robot_interfaces/share/my_robot_interfaces/local_setup.dsv
[0.514s] -- Installing: /home/ananya/ros2_ws/install/my_robot_interfaces/share/my_robot_interfaces/package.dsv
[0.514s] -- Up-to-date: /home/ananya/ros2_ws/install/my_robot_interfaces/share/ament_index/resource_index/packages/my_robot_interfaces
[0.514s] -- Up-to-date: /home/ananya/ros2_ws/install/my_robot_interfaces/share/my_robot_interfaces/cmake/export_my_robot_interfaces__rosidl_generator_cExport.cmake
[0.514s] -- Up-to-date: /home/ananya/ros2_ws/install/my_robot_interfaces/share/my_robot_interfaces/cmake/export_my_robot_interfaces__rosidl_generator_cExport-noconfig.cmake
[0.514s] -- Up-to-date: /home/ananya/ros2_ws/install/my_robot_interfaces/share/my_robot_interfaces/cmake/export_my_robot_interfaces__rosidl_typesupport_fastrtps_cExport.cmake
[0.514s] -- Up-to-date: /home/ananya/ros2_ws/install/my_robot_interfaces/share/my_robot_interfaces/cmake/export_my_robot_interfaces__rosidl_typesupport_fastrtps_cExport-noconfig.cmake
[0.514s] -- Up-to-date: /home/ananya/ros2_ws/install/my_robot_interfaces/share/my_robot_interfaces/cmake/my_robot_interfaces__rosidl_typesupport_introspection_cExport.cmake
[0.514s] -- Up-to-date: /home/ananya/ros2_ws/install/my_robot_interfaces/share/my_robot_interfaces/cmake/my_robot_interfaces__rosidl_typesupport_introspection_cExport-noconfig.cmake
[0.515s] -- Up-to-date: /home/ananya/ros2_ws/install/my_robot_interfaces/share/my_robot_interfaces/cmake/my_robot_interfaces__rosidl_typesupport_cExport.cmake
[0.515s] -- Up-to-date: /home/ananya/ros2_ws/install/my_robot_interfaces/share/my_robot_interfaces/cmake/my_robot_interfaces__rosidl_typesupport_cExport-noconfig.cmake
[0.515s] -- Up-to-date: /home/ananya/ros2_ws/install/my_robot_interfaces/share/my_robot_interfaces/cmake/export_my_robot_interfaces__rosidl_generator_cppExport.cmake
[0.515s] -- Up-to-date: /home/ananya/ros2_ws/install/my_robot_interfaces/share/my_robot_interfaces/cmake/export_my_robot_interfaces__rosidl_typesupport_fastrtps_cppExport.cmake
[0.515s] -- Up-to-date: /home/ananya/ros2_ws/install/my_robot_interfaces/share/my_robot_interfaces/cmake/export_my_robot_interfaces__rosidl_typesupport_fastrtps_cppExport-noconfig.cmake
[0.515s] -- Up-to-date: /home/ananya/ros2_ws/install/my_robot_interfaces/share/my_robot_interfaces/cmake/my_robot_interfaces__rosidl_typesupport_introspection_cppExport.cmake
[0.515s] -- Up-to-date: /home/ananya/ros2_ws/install/my_robot_interfaces/share/my_robot_interfaces/cmake/my_robot_interfaces__rosidl_typesupport_introspection_cppExport-noconfig.cmake
[0.515s] -- Up-to-date: /home/ananya/ros2_ws/install/my_robot_interfaces/share/my_robot_interfaces/cmake/my_robot_interfaces__rosidl_typesupport_cppExport.cmake
[0.515s] -- Up-to-date: /home/ananya/ros2_ws/install/my_robot_interfaces/share/my_robot_interfaces/cmake/my_robot_interfaces__rosidl_typesupport_cppExport-noconfig.cmake
[0.515s] -- Up-to-date: /home/ananya/ros2_ws/install/my_robot_interfaces/share/my_robot_interfaces/cmake/export_my_robot_interfaces__rosidl_generator_pyExport.cmake
[0.515s] -- Up-to-date: /home/ananya/ros2_ws/install/my_robot_interfaces/share/my_robot_interfaces/cmake/export_my_robot_interfaces__rosidl_generator_pyExport-noconfig.cmake
[0.515s] -- Up-to-date: /home/ananya/ros2_ws/install/my_robot_interfaces/share/my_robot_interfaces/cmake/rosidl_cmake-extras.cmake
[0.515s] -- Up-to-date: /home/ananya/ros2_ws/install/my_robot_interfaces/share/my_robot_interfaces/cmake/ament_cmake_export_dependencies-extras.cmake
[0.515s] -- Up-to-date: /home/ananya/ros2_ws/install/my_robot_interfaces/share/my_robot_interfaces/cmake/ament_cmake_export_include_directories-extras.cmake
[0.515s] -- Up-to-date: /home/ananya/ros2_ws/install/my_robot_interfaces/share/my_robot_interfaces/cmake/ament_cmake_export_libraries-extras.cmake
[0.516s] -- Up-to-date: /home/ananya/ros2_ws/install/my_robot_interfaces/share/my_robot_interfaces/cmake/ament_cmake_export_targets-extras.cmake
[0.516s] -- Up-to-date: /home/ananya/ros2_ws/install/my_robot_interfaces/share/my_robot_interfaces/cmake/rosidl_cmake_export_typesupport_targets-extras.cmake
[0.516s] -- Up-to-date: /home/ananya/ros2_ws/install/my_robot_interfaces/share/my_robot_interfaces/cmake/rosidl_cmake_export_typesupport_libraries-extras.cmake
[0.516s] -- Up-to-date: /home/ananya/ros2_ws/install/my_robot_interfaces/share/my_robot_interfaces/cmake/my_robot_interfacesConfig.cmake
[0.516s] -- Up-to-date: /home/ananya/ros2_ws/install/my_robot_interfaces/share/my_robot_interfaces/cmake/my_robot_interfacesConfig-version.cmake
[0.516s] -- Up-to-date: /home/ananya/ros2_ws/install/my_robot_interfaces/share/my_robot_interfaces/package.xml
[0.517s] Invoked command in '/home/ananya/ros2_ws/build/my_robot_interfaces' returned '0': CMAKE_PREFIX_PATH=${CMAKE_PREFIX_PATH}:/home/ananya/ros2_ws/install/turtle_controller:/home/ananya/ros2_ws/install/my_py_pkg:/opt/ros/jazzy DEBUGINFOD_URLS=https://debuginfod.ubuntu.com /usr/bin/cmake --install /home/ananya/ros2_ws/build/my_robot_interfaces
