[0.069s] Invoking command in '/home/ananya/ros2_ws/build/my_robot_interfaces': CMAKE_PREFIX_PATH=${CMAKE_PREFIX_PATH}:/home/ananya/ros2_ws/install/turtle_controller:/home/ananya/ros2_ws/install/my_py_pkg:/opt/ros/jazzy DEBUGINFOD_URLS=https://debuginfod.ubuntu.com /usr/bin/cmake --build /home/ananya/ros2_ws/build/my_robot_interfaces -- -j8 -l8
[0.947s] [  2%] Built target my_robot_interfaces__rosidl_generator_type_description
[0.968s] [  4%] Built target my_robot_interfaces__cpp
[1.012s] [  4%] Built target ament_cmake_python_copy_my_robot_interfaces
[1.081s] [ 22%] Built target my_robot_interfaces__rosidl_generator_c
[1.111s] [ 31%] Built target my_robot_interfaces__rosidl_typesupport_fastrtps_cpp
[1.140s] [ 45%] Built target my_robot_interfaces__rosidl_typesupport_introspection_cpp
[1.141s] [ 50%] Built target my_robot_interfaces__rosidl_typesupport_cpp
[1.160s] [ 59%] Built target my_robot_interfaces__rosidl_typesupport_introspection_c
[1.227s] running egg_info
[1.247s] writing my_robot_interfaces.egg-info/PKG-INFO
[1.247s] writing dependency_links to my_robot_interfaces.egg-info/dependency_links.txt
[1.247s] writing top-level names to my_robot_interfaces.egg-info/top_level.txt
[1.249s] [ 68%] Built target my_robot_interfaces__rosidl_typesupport_fastrtps_c
[1.257s] [ 77%] Built target my_robot_interfaces__rosidl_typesupport_c
[1.275s] [ 77%] Built target my_robot_interfaces
[1.303s] reading manifest file 'my_robot_interfaces.egg-info/SOURCES.txt'
[1.304s] writing manifest file 'my_robot_interfaces.egg-info/SOURCES.txt'
[1.330s] [ 77%] Built target ament_cmake_python_build_my_robot_interfaces_egg
[1.354s] [ 79%] Built target my_robot_interfaces__py
[1.431s] [ 86%] Built target my_robot_interfaces__rosidl_generator_py
[1.460s] [100%] Built target my_robot_interfaces_s__rosidl_typesupport_fastrtps_c
[1.460s] [100%] Built target my_robot_interfaces_s__rosidl_typesupport_introspection_c
[1.460s] [100%] Built target my_robot_interfaces_s__rosidl_typesupport_c
[1.470s] Invoked command in '/home/ananya/ros2_ws/build/my_robot_interfaces' returned '0': CMAKE_PREFIX_PATH=${CMAKE_PREFIX_PATH}:/home/ananya/ros2_ws/install/turtle_controller:/home/ananya/ros2_ws/install/my_py_pkg:/opt/ros/jazzy DEBUGINFOD_URLS=https://debuginfod.ubuntu.com /usr/bin/cmake --build /home/ananya/ros2_ws/build/my_robot_interfaces -- -j8 -l8
[1.479s] Invoking command in '/home/ananya/ros2_ws/build/my_robot_interfaces': CMAKE_PREFIX_PATH=${CMAKE_PREFIX_PATH}:/home/ananya/ros2_ws/install/turtle_controller:/home/ananya/ros2_ws/install/my_py_pkg:/opt/ros/jazzy DEBUGINFOD_URLS=https://debuginfod.ubuntu.com /usr/bin/cmake --install /home/ananya/ros2_ws/build/my_robot_interfaces
[1.488s] -- Install configuration: ""
[1.488s] -- Up-to-date: /home/ananya/ros2_ws/install/my_robot_interfaces/share/ament_index/resource_index/rosidl_interfaces/my_robot_interfaces
[1.489s] -- Up-to-date: /home/ananya/ros2_ws/install/my_robot_interfaces/share/my_robot_interfaces/msg/HardwareStatus.json
[1.489s] -- Up-to-date: /home/ananya/ros2_ws/install/my_robot_interfaces/share/my_robot_interfaces/srv/ResetCounter.json
[1.489s] -- Up-to-date: /home/ananya/ros2_ws/install/my_robot_interfaces/include/my_robot_interfaces/my_robot_interfaces
[1.489s] -- Up-to-date: /home/ananya/ros2_ws/install/my_robot_interfaces/include/my_robot_interfaces/my_robot_interfaces/srv
[1.489s] -- Up-to-date: /home/ananya/ros2_ws/install/my_robot_interfaces/include/my_robot_interfaces/my_robot_interfaces/srv/reset_counter.h
[1.489s] -- Up-to-date: /home/ananya/ros2_ws/install/my_robot_interfaces/include/my_robot_interfaces/my_robot_interfaces/srv/detail
[1.489s] -- Up-to-date: /home/ananya/ros2_ws/install/my_robot_interfaces/include/my_robot_interfaces/my_robot_interfaces/srv/detail/reset_counter__type_support.h
[1.489s] -- Up-to-date: /home/ananya/ros2_ws/install/my_robot_interfaces/include/my_robot_interfaces/my_robot_interfaces/srv/detail/reset_counter__description.c
[1.490s] -- Up-to-date: /home/ananya/ros2_ws/install/my_robot_interfaces/include/my_robot_interfaces/my_robot_interfaces/srv/detail/reset_counter__functions.c
[1.490s] -- Up-to-date: /home/ananya/ros2_ws/install/my_robot_interfaces/include/my_robot_interfaces/my_robot_interfaces/srv/detail/reset_counter__functions.h
[1.490s] -- Up-to-date: /home/ananya/ros2_ws/install/my_robot_interfaces/include/my_robot_interfaces/my_robot_interfaces/srv/detail/reset_counter__struct.h
[1.490s] -- Up-to-date: /home/ananya/ros2_ws/install/my_robot_interfaces/include/my_robot_interfaces/my_robot_interfaces/srv/detail/reset_counter__type_support.c
[1.490s] -- Up-to-date: /home/ananya/ros2_ws/install/my_robot_interfaces/include/my_robot_interfaces/my_robot_interfaces/msg
[1.490s] -- Up-to-date: /home/ananya/ros2_ws/install/my_robot_interfaces/include/my_robot_interfaces/my_robot_interfaces/msg/hardware_status.h
[1.490s] -- Up-to-date: /home/ananya/ros2_ws/install/my_robot_interfaces/include/my_robot_interfaces/my_robot_interfaces/msg/turtle_publisher.h
[1.490s] -- Up-to-date: /home/ananya/ros2_ws/install/my_robot_interfaces/include/my_robot_interfaces/my_robot_interfaces/msg/detail
[1.490s] -- Up-to-date: /home/ananya/ros2_ws/install/my_robot_interfaces/include/my_robot_interfaces/my_robot_interfaces/msg/detail/turtle_publisher__type_support.h
[1.491s] -- Up-to-date: /home/ananya/ros2_ws/install/my_robot_interfaces/include/my_robot_interfaces/my_robot_interfaces/msg/detail/hardware_status__description.c
[1.491s] -- Up-to-date: /home/ananya/ros2_ws/install/my_robot_interfaces/include/my_robot_interfaces/my_robot_interfaces/msg/detail/hardware_status__type_support.c
[1.491s] -- Up-to-date: /home/ananya/ros2_ws/install/my_robot_interfaces/include/my_robot_interfaces/my_robot_interfaces/msg/detail/turtle_publisher__type_support.c
[1.491s] -- Up-to-date: /home/ananya/ros2_ws/install/my_robot_interfaces/include/my_robot_interfaces/my_robot_interfaces/msg/detail/hardware_status__functions.c
[1.491s] -- Up-to-date: /home/ananya/ros2_ws/install/my_robot_interfaces/include/my_robot_interfaces/my_robot_interfaces/msg/detail/hardware_status__type_support.h
[1.491s] -- Up-to-date: /home/ananya/ros2_ws/install/my_robot_interfaces/include/my_robot_interfaces/my_robot_interfaces/msg/detail/turtle_publisher__struct.h
[1.491s] -- Up-to-date: /home/ananya/ros2_ws/install/my_robot_interfaces/include/my_robot_interfaces/my_robot_interfaces/msg/detail/turtle_publisher__functions.c
[1.491s] -- Up-to-date: /home/ananya/ros2_ws/install/my_robot_interfaces/include/my_robot_interfaces/my_robot_interfaces/msg/detail/hardware_status__functions.h
[1.491s] -- Up-to-date: /home/ananya/ros2_ws/install/my_robot_interfaces/include/my_robot_interfaces/my_robot_interfaces/msg/detail/turtle_publisher__functions.h
[1.491s] -- Up-to-date: /home/ananya/ros2_ws/install/my_robot_interfaces/include/my_robot_interfaces/my_robot_interfaces/msg/detail/turtle_publisher__description.c
[1.492s] -- Up-to-date: /home/ananya/ros2_ws/install/my_robot_interfaces/include/my_robot_interfaces/my_robot_interfaces/msg/detail/hardware_status__struct.h
[1.492s] -- Up-to-date: /home/ananya/ros2_ws/install/my_robot_interfaces/include/my_robot_interfaces/my_robot_interfaces/msg/rosidl_generator_c__visibility_control.h
[1.492s] -- Up-to-date: /home/ananya/ros2_ws/install/my_robot_interfaces/share/my_robot_interfaces/environment/library_path.sh
[1.492s] -- Up-to-date: /home/ananya/ros2_ws/install/my_robot_interfaces/share/my_robot_interfaces/environment/library_path.dsv
[1.582s] -- Up-to-date: /home/ananya/ros2_ws/install/my_robot_interfaces/lib/libmy_robot_interfaces__rosidl_generator_c.so
[1.582s] -- Up-to-date: /home/ananya/ros2_ws/install/my_robot_interfaces/include/my_robot_interfaces/my_robot_interfaces
[1.582s] -- Up-to-date: /home/ananya/ros2_ws/install/my_robot_interfaces/include/my_robot_interfaces/my_robot_interfaces/srv
[1.582s] -- Up-to-date: /home/ananya/ros2_ws/install/my_robot_interfaces/include/my_robot_interfaces/my_robot_interfaces/srv/detail
[1.582s] -- Up-to-date: /home/ananya/ros2_ws/install/my_robot_interfaces/include/my_robot_interfaces/my_robot_interfaces/srv/detail/reset_counter__rosidl_typesupport_fastrtps_c.h
[1.582s] -- Up-to-date: /home/ananya/ros2_ws/install/my_robot_interfaces/include/my_robot_interfaces/my_robot_interfaces/msg
[1.582s] -- Up-to-date: /home/ananya/ros2_ws/install/my_robot_interfaces/include/my_robot_interfaces/my_robot_interfaces/msg/detail
[1.582s] -- Up-to-date: /home/ananya/ros2_ws/install/my_robot_interfaces/include/my_robot_interfaces/my_robot_interfaces/msg/detail/hardware_status__rosidl_typesupport_fastrtps_c.h
[1.583s] -- Up-to-date: /home/ananya/ros2_ws/install/my_robot_interfaces/include/my_robot_interfaces/my_robot_interfaces/msg/detail/turtle_publisher__rosidl_typesupport_fastrtps_c.h
[1.583s] -- Up-to-date: /home/ananya/ros2_ws/install/my_robot_interfaces/include/my_robot_interfaces/my_robot_interfaces/msg/rosidl_typesupport_fastrtps_c__visibility_control.h
[1.583s] -- Up-to-date: /home/ananya/ros2_ws/install/my_robot_interfaces/lib/libmy_robot_interfaces__rosidl_typesupport_fastrtps_c.so
[1.583s] -- Up-to-date: /home/ananya/ros2_ws/install/my_robot_interfaces/include/my_robot_interfaces/my_robot_interfaces
[1.583s] -- Up-to-date: /home/ananya/ros2_ws/install/my_robot_interfaces/include/my_robot_interfaces/my_robot_interfaces/srv
[1.583s] -- Up-to-date: /home/ananya/ros2_ws/install/my_robot_interfaces/include/my_robot_interfaces/my_robot_interfaces/srv/detail
[1.583s] -- Up-to-date: /home/ananya/ros2_ws/install/my_robot_interfaces/include/my_robot_interfaces/my_robot_interfaces/srv/detail/reset_counter__rosidl_typesupport_introspection_c.h
[1.583s] -- Up-to-date: /home/ananya/ros2_ws/install/my_robot_interfaces/include/my_robot_interfaces/my_robot_interfaces/srv/detail/reset_counter__type_support.c
[1.583s] -- Up-to-date: /home/ananya/ros2_ws/install/my_robot_interfaces/include/my_robot_interfaces/my_robot_interfaces/msg
[1.583s] -- Up-to-date: /home/ananya/ros2_ws/install/my_robot_interfaces/include/my_robot_interfaces/my_robot_interfaces/msg/rosidl_typesupport_introspection_c__visibility_control.h
[1.584s] -- Up-to-date: /home/ananya/ros2_ws/install/my_robot_interfaces/include/my_robot_interfaces/my_robot_interfaces/msg/detail
[1.584s] -- Up-to-date: /home/ananya/ros2_ws/install/my_robot_interfaces/include/my_robot_interfaces/my_robot_interfaces/msg/detail/turtle_publisher__rosidl_typesupport_introspection_c.h
[1.584s] -- Up-to-date: /home/ananya/ros2_ws/install/my_robot_interfaces/include/my_robot_interfaces/my_robot_interfaces/msg/detail/hardware_status__rosidl_typesupport_introspection_c.h
[1.584s] -- Up-to-date: /home/ananya/ros2_ws/install/my_robot_interfaces/include/my_robot_interfaces/my_robot_interfaces/msg/detail/hardware_status__type_support.c
[1.584s] -- Up-to-date: /home/ananya/ros2_ws/install/my_robot_interfaces/include/my_robot_interfaces/my_robot_interfaces/msg/detail/turtle_publisher__type_support.c
[1.590s] -- Up-to-date: /home/ananya/ros2_ws/install/my_robot_interfaces/lib/libmy_robot_interfaces__rosidl_typesupport_introspection_c.so
[1.591s] -- Up-to-date: /home/ananya/ros2_ws/install/my_robot_interfaces/lib/libmy_robot_interfaces__rosidl_typesupport_c.so
[1.591s] -- Up-to-date: /home/ananya/ros2_ws/install/my_robot_interfaces/include/my_robot_interfaces/my_robot_interfaces
[1.591s] -- Up-to-date: /home/ananya/ros2_ws/install/my_robot_interfaces/include/my_robot_interfaces/my_robot_interfaces/srv
[1.591s] -- Up-to-date: /home/ananya/ros2_ws/install/my_robot_interfaces/include/my_robot_interfaces/my_robot_interfaces/srv/detail
[1.591s] -- Up-to-date: /home/ananya/ros2_ws/install/my_robot_interfaces/include/my_robot_interfaces/my_robot_interfaces/srv/detail/reset_counter__type_support.hpp
[1.591s] -- Up-to-date: /home/ananya/ros2_ws/install/my_robot_interfaces/include/my_robot_interfaces/my_robot_interfaces/srv/detail/reset_counter__struct.hpp
[1.591s] -- Up-to-date: /home/ananya/ros2_ws/install/my_robot_interfaces/include/my_robot_interfaces/my_robot_interfaces/srv/detail/reset_counter__builder.hpp
[1.591s] -- Up-to-date: /home/ananya/ros2_ws/install/my_robot_interfaces/include/my_robot_interfaces/my_robot_interfaces/srv/detail/reset_counter__traits.hpp
[1.592s] -- Up-to-date: /home/ananya/ros2_ws/install/my_robot_interfaces/include/my_robot_interfaces/my_robot_interfaces/srv/reset_counter.hpp
[1.592s] -- Up-to-date: /home/ananya/ros2_ws/install/my_robot_interfaces/include/my_robot_interfaces/my_robot_interfaces/msg
[1.592s] -- Up-to-date: /home/ananya/ros2_ws/install/my_robot_interfaces/include/my_robot_interfaces/my_robot_interfaces/msg/hardware_status.hpp
[1.592s] -- Up-to-date: /home/ananya/ros2_ws/install/my_robot_interfaces/include/my_robot_interfaces/my_robot_interfaces/msg/detail
[1.592s] -- Up-to-date: /home/ananya/ros2_ws/install/my_robot_interfaces/include/my_robot_interfaces/my_robot_interfaces/msg/detail/turtle_publisher__builder.hpp
[1.592s] -- Up-to-date: /home/ananya/ros2_ws/install/my_robot_interfaces/include/my_robot_interfaces/my_robot_interfaces/msg/detail/turtle_publisher__struct.hpp
[1.592s] -- Up-to-date: /home/ananya/ros2_ws/install/my_robot_interfaces/include/my_robot_interfaces/my_robot_interfaces/msg/detail/turtle_publisher__type_support.hpp
[1.592s] -- Up-to-date: /home/ananya/ros2_ws/install/my_robot_interfaces/include/my_robot_interfaces/my_robot_interfaces/msg/detail/hardware_status__traits.hpp
[1.592s] -- Up-to-date: /home/ananya/ros2_ws/install/my_robot_interfaces/include/my_robot_interfaces/my_robot_interfaces/msg/detail/hardware_status__type_support.hpp
[1.592s] -- Up-to-date: /home/ananya/ros2_ws/install/my_robot_interfaces/include/my_robot_interfaces/my_robot_interfaces/msg/detail/turtle_publisher__traits.hpp
[1.593s] -- Up-to-date: /home/ananya/ros2_ws/install/my_robot_interfaces/include/my_robot_interfaces/my_robot_interfaces/msg/detail/hardware_status__builder.hpp
[1.593s] -- Up-to-date: /home/ananya/ros2_ws/install/my_robot_interfaces/include/my_robot_interfaces/my_robot_interfaces/msg/detail/hardware_status__struct.hpp
[1.593s] -- Up-to-date: /home/ananya/ros2_ws/install/my_robot_interfaces/include/my_robot_interfaces/my_robot_interfaces/msg/turtle_publisher.hpp
[1.593s] -- Up-to-date: /home/ananya/ros2_ws/install/my_robot_interfaces/include/my_robot_interfaces/my_robot_interfaces/msg/rosidl_generator_cpp__visibility_control.hpp
[1.593s] -- Up-to-date: /home/ananya/ros2_ws/install/my_robot_interfaces/include/my_robot_interfaces/my_robot_interfaces
[1.593s] -- Up-to-date: /home/ananya/ros2_ws/install/my_robot_interfaces/include/my_robot_interfaces/my_robot_interfaces/srv
[1.593s] -- Up-to-date: /home/ananya/ros2_ws/install/my_robot_interfaces/include/my_robot_interfaces/my_robot_interfaces/srv/detail
[1.593s] -- Up-to-date: /home/ananya/ros2_ws/install/my_robot_interfaces/include/my_robot_interfaces/my_robot_interfaces/srv/detail/dds_fastrtps
[1.593s] -- Up-to-date: /home/ananya/ros2_ws/install/my_robot_interfaces/include/my_robot_interfaces/my_robot_interfaces/srv/detail/reset_counter__rosidl_typesupport_fastrtps_cpp.hpp
[1.594s] -- Up-to-date: /home/ananya/ros2_ws/install/my_robot_interfaces/include/my_robot_interfaces/my_robot_interfaces/msg
[1.594s] -- Up-to-date: /home/ananya/ros2_ws/install/my_robot_interfaces/include/my_robot_interfaces/my_robot_interfaces/msg/rosidl_typesupport_fastrtps_cpp__visibility_control.h
[1.594s] -- Up-to-date: /home/ananya/ros2_ws/install/my_robot_interfaces/include/my_robot_interfaces/my_robot_interfaces/msg/detail
[1.594s] -- Up-to-date: /home/ananya/ros2_ws/install/my_robot_interfaces/include/my_robot_interfaces/my_robot_interfaces/msg/detail/dds_fastrtps
[1.594s] -- Up-to-date: /home/ananya/ros2_ws/install/my_robot_interfaces/include/my_robot_interfaces/my_robot_interfaces/msg/detail/turtle_publisher__rosidl_typesupport_fastrtps_cpp.hpp
[1.594s] -- Up-to-date: /home/ananya/ros2_ws/install/my_robot_interfaces/include/my_robot_interfaces/my_robot_interfaces/msg/detail/hardware_status__rosidl_typesupport_fastrtps_cpp.hpp
[1.594s] -- Up-to-date: /home/ananya/ros2_ws/install/my_robot_interfaces/lib/libmy_robot_interfaces__rosidl_typesupport_fastrtps_cpp.so
[1.594s] -- Up-to-date: /home/ananya/ros2_ws/install/my_robot_interfaces/include/my_robot_interfaces/my_robot_interfaces
[1.594s] -- Up-to-date: /home/ananya/ros2_ws/install/my_robot_interfaces/include/my_robot_interfaces/my_robot_interfaces/srv
[1.594s] -- Up-to-date: /home/ananya/ros2_ws/install/my_robot_interfaces/include/my_robot_interfaces/my_robot_interfaces/srv/detail
[1.595s] -- Up-to-date: /home/ananya/ros2_ws/install/my_robot_interfaces/include/my_robot_interfaces/my_robot_interfaces/srv/detail/reset_counter__type_support.cpp
[1.595s] -- Up-to-date: /home/ananya/ros2_ws/install/my_robot_interfaces/include/my_robot_interfaces/my_robot_interfaces/srv/detail/reset_counter__rosidl_typesupport_introspection_cpp.hpp
[1.595s] -- Up-to-date: /home/ananya/ros2_ws/install/my_robot_interfaces/include/my_robot_interfaces/my_robot_interfaces/msg
[1.595s] -- Up-to-date: /home/ananya/ros2_ws/install/my_robot_interfaces/include/my_robot_interfaces/my_robot_interfaces/msg/detail
[1.595s] -- Up-to-date: /home/ananya/ros2_ws/install/my_robot_interfaces/include/my_robot_interfaces/my_robot_interfaces/msg/detail/hardware_status__type_support.cpp
[1.595s] -- Up-to-date: /home/ananya/ros2_ws/install/my_robot_interfaces/include/my_robot_interfaces/my_robot_interfaces/msg/detail/turtle_publisher__rosidl_typesupport_introspection_cpp.hpp
[1.595s] -- Up-to-date: /home/ananya/ros2_ws/install/my_robot_interfaces/include/my_robot_interfaces/my_robot_interfaces/msg/detail/turtle_publisher__type_support.cpp
[1.595s] -- Up-to-date: /home/ananya/ros2_ws/install/my_robot_interfaces/include/my_robot_interfaces/my_robot_interfaces/msg/detail/hardware_status__rosidl_typesupport_introspection_cpp.hpp
[1.603s] -- Up-to-date: /home/ananya/ros2_ws/install/my_robot_interfaces/lib/libmy_robot_interfaces__rosidl_typesupport_introspection_cpp.so
[1.605s] -- Up-to-date: /home/ananya/ros2_ws/install/my_robot_interfaces/lib/libmy_robot_interfaces__rosidl_typesupport_cpp.so
[1.605s] -- Up-to-date: /home/ananya/ros2_ws/install/my_robot_interfaces/share/my_robot_interfaces/environment/pythonpath.sh
[1.605s] -- Up-to-date: /home/ananya/ros2_ws/install/my_robot_interfaces/share/my_robot_interfaces/environment/pythonpath.dsv
[1.605s] -- Up-to-date: /home/ananya/ros2_ws/install/my_robot_interfaces/lib/python3.12/site-packages/my_robot_interfaces-0.0.0-py3.12.egg-info
[1.605s] -- Installing: /home/ananya/ros2_ws/install/my_robot_interfaces/lib/python3.12/site-packages/my_robot_interfaces-0.0.0-py3.12.egg-info/top_level.txt
[1.605s] -- Installing: /home/ananya/ros2_ws/install/my_robot_interfaces/lib/python3.12/site-packages/my_robot_interfaces-0.0.0-py3.12.egg-info/PKG-INFO
[1.605s] -- Installing: /home/ananya/ros2_ws/install/my_robot_interfaces/lib/python3.12/site-packages/my_robot_interfaces-0.0.0-py3.12.egg-info/dependency_links.txt
[1.606s] -- Installing: /home/ananya/ros2_ws/install/my_robot_interfaces/lib/python3.12/site-packages/my_robot_interfaces-0.0.0-py3.12.egg-info/SOURCES.txt
[1.606s] -- Up-to-date: /home/ananya/ros2_ws/install/my_robot_interfaces/lib/python3.12/site-packages/my_robot_interfaces
[1.606s] -- Up-to-date: /home/ananya/ros2_ws/install/my_robot_interfaces/lib/python3.12/site-packages/my_robot_interfaces/srv
[1.606s] -- Up-to-date: /home/ananya/ros2_ws/install/my_robot_interfaces/lib/python3.12/site-packages/my_robot_interfaces/srv/_reset_counter_s.c
[1.606s] -- Up-to-date: /home/ananya/ros2_ws/install/my_robot_interfaces/lib/python3.12/site-packages/my_robot_interfaces/srv/_reset_counter.py
[1.606s] -- Up-to-date: /home/ananya/ros2_ws/install/my_robot_interfaces/lib/python3.12/site-packages/my_robot_interfaces/srv/__init__.py
[1.606s] -- Up-to-date: /home/ananya/ros2_ws/install/my_robot_interfaces/lib/python3.12/site-packages/my_robot_interfaces/msg
[1.607s] -- Up-to-date: /home/ananya/ros2_ws/install/my_robot_interfaces/lib/python3.12/site-packages/my_robot_interfaces/msg/_turtle_publisher.py
[1.607s] -- Up-to-date: /home/ananya/ros2_ws/install/my_robot_interfaces/lib/python3.12/site-packages/my_robot_interfaces/msg/_hardware_status_s.c
[1.607s] -- Up-to-date: /home/ananya/ros2_ws/install/my_robot_interfaces/lib/python3.12/site-packages/my_robot_interfaces/msg/_hardware_status.py
[1.607s] -- Up-to-date: /home/ananya/ros2_ws/install/my_robot_interfaces/lib/python3.12/site-packages/my_robot_interfaces/msg/_turtle_publisher_s.c
[1.607s] -- Up-to-date: /home/ananya/ros2_ws/install/my_robot_interfaces/lib/python3.12/site-packages/my_robot_interfaces/msg/__init__.py
[1.607s] -- Up-to-date: /home/ananya/ros2_ws/install/my_robot_interfaces/lib/python3.12/site-packages/my_robot_interfaces/my_robot_interfaces_s__rosidl_typesupport_fastrtps_c.so
[1.608s] -- Up-to-date: /home/ananya/ros2_ws/install/my_robot_interfaces/lib/python3.12/site-packages/my_robot_interfaces/_my_robot_interfaces_s.ep.rosidl_typesupport_fastrtps_c.c
[1.608s] -- Up-to-date: /home/ananya/ros2_ws/install/my_robot_interfaces/lib/python3.12/site-packages/my_robot_interfaces/_my_robot_interfaces_s.ep.rosidl_typesupport_introspection_c.c
[1.608s] -- Up-to-date: /home/ananya/ros2_ws/install/my_robot_interfaces/lib/python3.12/site-packages/my_robot_interfaces/my_robot_interfaces_s__rosidl_typesupport_introspection_c.so
[1.608s] -- Up-to-date: /home/ananya/ros2_ws/install/my_robot_interfaces/lib/python3.12/site-packages/my_robot_interfaces/my_robot_interfaces_s__rosidl_typesupport_c.so
[1.608s] -- Up-to-date: /home/ananya/ros2_ws/install/my_robot_interfaces/lib/python3.12/site-packages/my_robot_interfaces/_my_robot_interfaces_s.ep.rosidl_typesupport_c.c
[1.608s] -- Up-to-date: /home/ananya/ros2_ws/install/my_robot_interfaces/lib/python3.12/site-packages/my_robot_interfaces/__init__.py
[2.024s] Listing '/home/ananya/ros2_ws/install/my_robot_interfaces/lib/python3.12/site-packages/my_robot_interfaces'...
[2.024s] Listing '/home/ananya/ros2_ws/install/my_robot_interfaces/lib/python3.12/site-packages/my_robot_interfaces/msg'...
[2.024s] Listing '/home/ananya/ros2_ws/install/my_robot_interfaces/lib/python3.12/site-packages/my_robot_interfaces/srv'...
[2.030s] -- Up-to-date: /home/ananya/ros2_ws/install/my_robot_interfaces/lib/python3.12/site-packages/my_robot_interfaces/my_robot_interfaces_s__rosidl_typesupport_fastrtps_c.so
[2.031s] -- Up-to-date: /home/ananya/ros2_ws/install/my_robot_interfaces/lib/python3.12/site-packages/my_robot_interfaces/my_robot_interfaces_s__rosidl_typesupport_introspection_c.so
[2.031s] -- Up-to-date: /home/ananya/ros2_ws/install/my_robot_interfaces/lib/python3.12/site-packages/my_robot_interfaces/my_robot_interfaces_s__rosidl_typesupport_c.so
[2.032s] -- Up-to-date: /home/ananya/ros2_ws/install/my_robot_interfaces/lib/libmy_robot_interfaces__rosidl_generator_py.so
[2.032s] -- Up-to-date: /home/ananya/ros2_ws/install/my_robot_interfaces/share/my_robot_interfaces/msg/HardwareStatus.idl
[2.032s] -- Up-to-date: /home/ananya/ros2_ws/install/my_robot_interfaces/share/my_robot_interfaces/srv/ResetCounter.idl
[2.032s] -- Up-to-date: /home/ananya/ros2_ws/install/my_robot_interfaces/share/my_robot_interfaces/msg/HardwareStatus.msg
[2.032s] -- Up-to-date: /home/ananya/ros2_ws/install/my_robot_interfaces/share/my_robot_interfaces/srv/ResetCounter.srv
[2.032s] -- Up-to-date: /home/ananya/ros2_ws/install/my_robot_interfaces/share/ament_index/resource_index/package_run_dependencies/my_robot_interfaces
[2.032s] -- Up-to-date: /home/ananya/ros2_ws/install/my_robot_interfaces/share/ament_index/resource_index/parent_prefix_path/my_robot_interfaces
[2.032s] -- Up-to-date: /home/ananya/ros2_ws/install/my_robot_interfaces/share/my_robot_interfaces/environment/ament_prefix_path.sh
[2.032s] -- Up-to-date: /home/ananya/ros2_ws/install/my_robot_interfaces/share/my_robot_interfaces/environment/ament_prefix_path.dsv
[2.033s] -- Up-to-date: /home/ananya/ros2_ws/install/my_robot_interfaces/share/my_robot_interfaces/environment/path.sh
[2.033s] -- Up-to-date: /home/ananya/ros2_ws/install/my_robot_interfaces/share/my_robot_interfaces/environment/path.dsv
[2.033s] -- Up-to-date: /home/ananya/ros2_ws/install/my_robot_interfaces/share/my_robot_interfaces/local_setup.bash
[2.033s] -- Up-to-date: /home/ananya/ros2_ws/install/my_robot_interfaces/share/my_robot_interfaces/local_setup.sh
[2.033s] -- Up-to-date: /home/ananya/ros2_ws/install/my_robot_interfaces/share/my_robot_interfaces/local_setup.zsh
[2.033s] -- Up-to-date: /home/ananya/ros2_ws/install/my_robot_interfaces/share/my_robot_interfaces/local_setup.dsv
[2.033s] -- Installing: /home/ananya/ros2_ws/install/my_robot_interfaces/share/my_robot_interfaces/package.dsv
[2.033s] -- Up-to-date: /home/ananya/ros2_ws/install/my_robot_interfaces/share/ament_index/resource_index/packages/my_robot_interfaces
[2.033s] -- Up-to-date: /home/ananya/ros2_ws/install/my_robot_interfaces/share/my_robot_interfaces/cmake/export_my_robot_interfaces__rosidl_generator_cExport.cmake
[2.033s] -- Up-to-date: /home/ananya/ros2_ws/install/my_robot_interfaces/share/my_robot_interfaces/cmake/export_my_robot_interfaces__rosidl_generator_cExport-noconfig.cmake
[2.033s] -- Up-to-date: /home/ananya/ros2_ws/install/my_robot_interfaces/share/my_robot_interfaces/cmake/export_my_robot_interfaces__rosidl_typesupport_fastrtps_cExport.cmake
[2.033s] -- Up-to-date: /home/ananya/ros2_ws/install/my_robot_interfaces/share/my_robot_interfaces/cmake/export_my_robot_interfaces__rosidl_typesupport_fastrtps_cExport-noconfig.cmake
[2.034s] -- Up-to-date: /home/ananya/ros2_ws/install/my_robot_interfaces/share/my_robot_interfaces/cmake/my_robot_interfaces__rosidl_typesupport_introspection_cExport.cmake
[2.034s] -- Up-to-date: /home/ananya/ros2_ws/install/my_robot_interfaces/share/my_robot_interfaces/cmake/my_robot_interfaces__rosidl_typesupport_introspection_cExport-noconfig.cmake
[2.034s] -- Up-to-date: /home/ananya/ros2_ws/install/my_robot_interfaces/share/my_robot_interfaces/cmake/my_robot_interfaces__rosidl_typesupport_cExport.cmake
[2.034s] -- Up-to-date: /home/ananya/ros2_ws/install/my_robot_interfaces/share/my_robot_interfaces/cmake/my_robot_interfaces__rosidl_typesupport_cExport-noconfig.cmake
[2.034s] -- Up-to-date: /home/ananya/ros2_ws/install/my_robot_interfaces/share/my_robot_interfaces/cmake/export_my_robot_interfaces__rosidl_generator_cppExport.cmake
[2.034s] -- Up-to-date: /home/ananya/ros2_ws/install/my_robot_interfaces/share/my_robot_interfaces/cmake/export_my_robot_interfaces__rosidl_typesupport_fastrtps_cppExport.cmake
[2.034s] -- Up-to-date: /home/ananya/ros2_ws/install/my_robot_interfaces/share/my_robot_interfaces/cmake/export_my_robot_interfaces__rosidl_typesupport_fastrtps_cppExport-noconfig.cmake
[2.034s] -- Up-to-date: /home/ananya/ros2_ws/install/my_robot_interfaces/share/my_robot_interfaces/cmake/my_robot_interfaces__rosidl_typesupport_introspection_cppExport.cmake
[2.034s] -- Up-to-date: /home/ananya/ros2_ws/install/my_robot_interfaces/share/my_robot_interfaces/cmake/my_robot_interfaces__rosidl_typesupport_introspection_cppExport-noconfig.cmake
[2.035s] -- Up-to-date: /home/ananya/ros2_ws/install/my_robot_interfaces/share/my_robot_interfaces/cmake/my_robot_interfaces__rosidl_typesupport_cppExport.cmake
[2.035s] -- Up-to-date: /home/ananya/ros2_ws/install/my_robot_interfaces/share/my_robot_interfaces/cmake/my_robot_interfaces__rosidl_typesupport_cppExport-noconfig.cmake
[2.051s] -- Up-to-date: /home/ananya/ros2_ws/install/my_robot_interfaces/share/my_robot_interfaces/cmake/export_my_robot_interfaces__rosidl_generator_pyExport.cmake
[2.051s] -- Up-to-date: /home/ananya/ros2_ws/install/my_robot_interfaces/share/my_robot_interfaces/cmake/export_my_robot_interfaces__rosidl_generator_pyExport-noconfig.cmake
[2.052s] -- Up-to-date: /home/ananya/ros2_ws/install/my_robot_interfaces/share/my_robot_interfaces/cmake/rosidl_cmake-extras.cmake
[2.052s] -- Up-to-date: /home/ananya/ros2_ws/install/my_robot_interfaces/share/my_robot_interfaces/cmake/ament_cmake_export_dependencies-extras.cmake
[2.052s] -- Up-to-date: /home/ananya/ros2_ws/install/my_robot_interfaces/share/my_robot_interfaces/cmake/ament_cmake_export_include_directories-extras.cmake
[2.052s] -- Up-to-date: /home/ananya/ros2_ws/install/my_robot_interfaces/share/my_robot_interfaces/cmake/ament_cmake_export_libraries-extras.cmake
[2.052s] -- Up-to-date: /home/ananya/ros2_ws/install/my_robot_interfaces/share/my_robot_interfaces/cmake/ament_cmake_export_targets-extras.cmake
[2.052s] -- Up-to-date: /home/ananya/ros2_ws/install/my_robot_interfaces/share/my_robot_interfaces/cmake/rosidl_cmake_export_typesupport_targets-extras.cmake
[2.052s] -- Up-to-date: /home/ananya/ros2_ws/install/my_robot_interfaces/share/my_robot_interfaces/cmake/rosidl_cmake_export_typesupport_libraries-extras.cmake
[2.052s] -- Up-to-date: /home/ananya/ros2_ws/install/my_robot_interfaces/share/my_robot_interfaces/cmake/my_robot_interfacesConfig.cmake
[2.052s] -- Up-to-date: /home/ananya/ros2_ws/install/my_robot_interfaces/share/my_robot_interfaces/cmake/my_robot_interfacesConfig-version.cmake
[2.052s] -- Up-to-date: /home/ananya/ros2_ws/install/my_robot_interfaces/share/my_robot_interfaces/package.xml
[2.054s] Invoked command in '/home/ananya/ros2_ws/build/my_robot_interfaces' returned '0': CMAKE_PREFIX_PATH=${CMAKE_PREFIX_PATH}:/home/ananya/ros2_ws/install/turtle_controller:/home/ananya/ros2_ws/install/my_py_pkg:/opt/ros/jazzy DEBUGINFOD_URLS=https://debuginfod.ubuntu.com /usr/bin/cmake --install /home/ananya/ros2_ws/build/my_robot_interfaces
