[0.014s] Invoking command in '/home/ananya/ros2_ws/build/my_robot_bringup': AMENT_PREFIX_PATH=/home/ananya/ros2_ws/install/turtle_controller:/home/ananya/ros2_ws/install/my_py_pkg:/home/ananya/ros2_ws/install/my_robot_bringup:/home/ananya/ros2_ws/install/my_robot_interfaces:/home/ananya/ros2_ws/install/my_cpp_pkg:/opt/ros/jazzy CMAKE_PREFIX_PATH=/home/ananya/ros2_ws/install/my_robot_interfaces:/home/ananya/ros2_ws/install/my_robot_bringup:/home/ananya/ros2_ws/install/my_cpp_pkg:/opt/ros/jazzy/opt/gz_math_vendor:/opt/ros/jazzy/opt/gz_utils_vendor:/opt/ros/jazzy/opt/gz_cmake_vendor:/home/ananya/ros2_ws/install/turtle_controller:/home/ananya/ros2_ws/install/my_py_pkg:/opt/ros/jazzy DEBUGINFOD_URLS=https://debuginfod.ubuntu.com /usr/bin/cmake --build /home/ananya/ros2_ws/build/my_robot_bringup -- -j8 -l8
[0.034s] -- Found ament_cmake: 2.5.4 (/opt/ros/jazzy/share/ament_cmake/cmake)
[0.236s] -- Found ament_lint_auto: 0.17.2 (/opt/ros/jazzy/share/ament_lint_auto/cmake)
[0.323s] -- Added test 'flake8' to check Python code syntax and style conventions
[0.323s] -- Configured 'flake8' exclude dirs and/or files: 
[0.323s] -- Added test 'lint_cmake' to check CMake code style
[0.323s] -- Added test 'pep257' to check Python code against some of the docstring style conventions in PEP 257
[0.324s] -- Added test 'xmllint' to check XML markup files
[0.325s] -- Configuring done (0.3s)
[0.327s] -- Generating done (0.0s)
[0.329s] -- Build files have been written to: /home/ananya/ros2_ws/build/my_robot_bringup
[0.347s] Invoked command in '/home/ananya/ros2_ws/build/my_robot_bringup' returned '0': AMENT_PREFIX_PATH=/home/ananya/ros2_ws/install/turtle_controller:/home/ananya/ros2_ws/install/my_py_pkg:/home/ananya/ros2_ws/install/my_robot_bringup:/home/ananya/ros2_ws/install/my_robot_interfaces:/home/ananya/ros2_ws/install/my_cpp_pkg:/opt/ros/jazzy CMAKE_PREFIX_PATH=/home/ananya/ros2_ws/install/my_robot_interfaces:/home/ananya/ros2_ws/install/my_robot_bringup:/home/ananya/ros2_ws/install/my_cpp_pkg:/opt/ros/jazzy/opt/gz_math_vendor:/opt/ros/jazzy/opt/gz_utils_vendor:/opt/ros/jazzy/opt/gz_cmake_vendor:/home/ananya/ros2_ws/install/turtle_controller:/home/ananya/ros2_ws/install/my_py_pkg:/opt/ros/jazzy DEBUGINFOD_URLS=https://debuginfod.ubuntu.com /usr/bin/cmake --build /home/ananya/ros2_ws/build/my_robot_bringup -- -j8 -l8
[0.356s] Invoking command in '/home/ananya/ros2_ws/build/my_robot_bringup': AMENT_PREFIX_PATH=/home/ananya/ros2_ws/install/turtle_controller:/home/ananya/ros2_ws/install/my_py_pkg:/home/ananya/ros2_ws/install/my_robot_bringup:/home/ananya/ros2_ws/install/my_robot_interfaces:/home/ananya/ros2_ws/install/my_cpp_pkg:/opt/ros/jazzy CMAKE_PREFIX_PATH=/home/ananya/ros2_ws/install/my_robot_interfaces:/home/ananya/ros2_ws/install/my_robot_bringup:/home/ananya/ros2_ws/install/my_cpp_pkg:/opt/ros/jazzy/opt/gz_math_vendor:/opt/ros/jazzy/opt/gz_utils_vendor:/opt/ros/jazzy/opt/gz_cmake_vendor:/home/ananya/ros2_ws/install/turtle_controller:/home/ananya/ros2_ws/install/my_py_pkg:/opt/ros/jazzy DEBUGINFOD_URLS=https://debuginfod.ubuntu.com /usr/bin/cmake --install /home/ananya/ros2_ws/build/my_robot_bringup
[0.363s] -- Install configuration: ""
[0.363s] -- Up-to-date: /home/ananya/ros2_ws/install/my_robot_bringup/share/my_robot_bringup//launch
[0.363s] -- Up-to-date: /home/ananya/ros2_ws/install/my_robot_bringup/share/my_robot_bringup//launch/number_app.launch.py
[0.363s] -- Up-to-date: /home/ananya/ros2_ws/install/my_robot_bringup/share/my_robot_bringup//launch/number_app.launch.xml
[0.363s] -- Up-to-date: /home/ananya/ros2_ws/install/my_robot_bringup/share/my_robot_bringup//launch/turtle_app.launch.xml
[0.363s] -- Up-to-date: /home/ananya/ros2_ws/install/my_robot_bringup/share/my_robot_bringup//config
[0.363s] -- Up-to-date: /home/ananya/ros2_ws/install/my_robot_bringup/share/my_robot_bringup//config/turtle_params.yaml
[0.364s] -- Up-to-date: /home/ananya/ros2_ws/install/my_robot_bringup/share/my_robot_bringup//config/number_params.yaml
[0.364s] -- Installing: /home/ananya/ros2_ws/install/my_robot_bringup/share/ament_index/resource_index/package_run_dependencies/my_robot_bringup
[0.364s] -- Up-to-date: /home/ananya/ros2_ws/install/my_robot_bringup/share/ament_index/resource_index/parent_prefix_path/my_robot_bringup
[0.364s] -- Up-to-date: /home/ananya/ros2_ws/install/my_robot_bringup/share/my_robot_bringup/environment/ament_prefix_path.sh
[0.364s] -- Up-to-date: /home/ananya/ros2_ws/install/my_robot_bringup/share/my_robot_bringup/environment/ament_prefix_path.dsv
[0.364s] -- Up-to-date: /home/ananya/ros2_ws/install/my_robot_bringup/share/my_robot_bringup/environment/path.sh
[0.364s] -- Up-to-date: /home/ananya/ros2_ws/install/my_robot_bringup/share/my_robot_bringup/environment/path.dsv
[0.364s] -- Up-to-date: /home/ananya/ros2_ws/install/my_robot_bringup/share/my_robot_bringup/local_setup.bash
[0.364s] -- Up-to-date: /home/ananya/ros2_ws/install/my_robot_bringup/share/my_robot_bringup/local_setup.sh
[0.364s] -- Up-to-date: /home/ananya/ros2_ws/install/my_robot_bringup/share/my_robot_bringup/local_setup.zsh
[0.365s] -- Up-to-date: /home/ananya/ros2_ws/install/my_robot_bringup/share/my_robot_bringup/local_setup.dsv
[0.365s] -- Installing: /home/ananya/ros2_ws/install/my_robot_bringup/share/my_robot_bringup/package.dsv
[0.365s] -- Up-to-date: /home/ananya/ros2_ws/install/my_robot_bringup/share/ament_index/resource_index/packages/my_robot_bringup
[0.365s] -- Up-to-date: /home/ananya/ros2_ws/install/my_robot_bringup/share/my_robot_bringup/cmake/my_robot_bringupConfig.cmake
[0.365s] -- Up-to-date: /home/ananya/ros2_ws/install/my_robot_bringup/share/my_robot_bringup/cmake/my_robot_bringupConfig-version.cmake
[0.365s] -- Installing: /home/ananya/ros2_ws/install/my_robot_bringup/share/my_robot_bringup/package.xml
[0.366s] Invoked command in '/home/ananya/ros2_ws/build/my_robot_bringup' returned '0': AMENT_PREFIX_PATH=/home/ananya/ros2_ws/install/turtle_controller:/home/ananya/ros2_ws/install/my_py_pkg:/home/ananya/ros2_ws/install/my_robot_bringup:/home/ananya/ros2_ws/install/my_robot_interfaces:/home/ananya/ros2_ws/install/my_cpp_pkg:/opt/ros/jazzy CMAKE_PREFIX_PATH=/home/ananya/ros2_ws/install/my_robot_interfaces:/home/ananya/ros2_ws/install/my_robot_bringup:/home/ananya/ros2_ws/install/my_cpp_pkg:/opt/ros/jazzy/opt/gz_math_vendor:/opt/ros/jazzy/opt/gz_utils_vendor:/opt/ros/jazzy/opt/gz_cmake_vendor:/home/ananya/ros2_ws/install/turtle_controller:/home/ananya/ros2_ws/install/my_py_pkg:/opt/ros/jazzy DEBUGINFOD_URLS=https://debuginfod.ubuntu.com /usr/bin/cmake --install /home/ananya/ros2_ws/build/my_robot_bringup
