[0.722s] Invoking command in '/home/ananya/ros2_ws/src/my_py_pkg': DEBUGINFOD_URLS=https://debuginfod.ubuntu.com PYTHONPATH=/home/ananya/ros2_ws/build/my_py_pkg/prefix_override:/usr/lib/python3/dist-packages/colcon_core/task/python/colcon_distutils_commands:/home/ananya/ros2_ws/install/my_py_pkg/lib/python3.12/site-packages:/home/ananya/ros2_ws/install/my_robot_interfaces/lib/python3.12/site-packages:/home/ananya/ros2_ws/install/turtle_controller/lib/python3.12/site-packages:/home/ananya/ros2_ws/install/my_py_pkg/lib/python3.12/site-packages:/opt/ros/jazzy/lib/python3.12/site-packages /usr/bin/python3 -W ignore:setup.py install is deprecated -W ignore:easy_install command is deprecated setup.py egg_info --egg-base ../../build/my_py_pkg build --build-base /home/ananya/ros2_ws/build/my_py_pkg/build install --record /home/ananya/ros2_ws/build/my_py_pkg/install.log --single-version-externally-managed install_data
[0.962s] running egg_info
[0.978s] writing ../../build/my_py_pkg/my_py_pkg.egg-info/PKG-INFO
[0.978s] writing dependency_links to ../../build/my_py_pkg/my_py_pkg.egg-info/dependency_links.txt
[0.979s] writing entry points to ../../build/my_py_pkg/my_py_pkg.egg-info/entry_points.txt
[0.979s] writing requirements to ../../build/my_py_pkg/my_py_pkg.egg-info/requires.txt
[0.979s] writing top-level names to ../../build/my_py_pkg/my_py_pkg.egg-info/top_level.txt
[1.015s] reading manifest file '../../build/my_py_pkg/my_py_pkg.egg-info/SOURCES.txt'
[1.016s] writing manifest file '../../build/my_py_pkg/my_py_pkg.egg-info/SOURCES.txt'
[1.016s] running build
[1.016s] running build_py
[1.016s] copying my_py_pkg/count_until_client_minimal.py -> /home/ananya/ros2_ws/build/my_py_pkg/build/lib/my_py_pkg
[1.016s] running install
[1.023s] running install_lib
[1.041s] copying /home/ananya/ros2_ws/build/my_py_pkg/build/lib/my_py_pkg/count_until_client_minimal.py -> /home/ananya/ros2_ws/install/my_py_pkg/lib/python3.12/site-packages/my_py_pkg
[1.041s] byte-compiling /home/ananya/ros2_ws/install/my_py_pkg/lib/python3.12/site-packages/my_py_pkg/count_until_client_minimal.py to count_until_client_minimal.cpython-312.pyc
[1.042s] running install_data
[1.042s] running install_egg_info
[1.061s] removing '/home/ananya/ros2_ws/install/my_py_pkg/lib/python3.12/site-packages/my_py_pkg-0.0.0-py3.12.egg-info' (and everything under it)
[1.061s] Copying ../../build/my_py_pkg/my_py_pkg.egg-info to /home/ananya/ros2_ws/install/my_py_pkg/lib/python3.12/site-packages/my_py_pkg-0.0.0-py3.12.egg-info
[1.062s] running install_scripts
[1.178s] Installing count_until_client script to /home/ananya/ros2_ws/install/my_py_pkg/lib/my_py_pkg
[1.179s] Installing count_until_server script to /home/ananya/ros2_ws/install/my_py_pkg/lib/my_py_pkg
[1.179s] Installing number_counter script to /home/ananya/ros2_ws/install/my_py_pkg/lib/my_py_pkg
[1.179s] Installing number_publisher script to /home/ananya/ros2_ws/install/my_py_pkg/lib/my_py_pkg
[1.179s] Installing reset_counter_client script to /home/ananya/ros2_ws/install/my_py_pkg/lib/my_py_pkg
[1.179s] Installing test_node script to /home/ananya/ros2_ws/install/my_py_pkg/lib/my_py_pkg
[1.180s] writing list of installed files to '/home/ananya/ros2_ws/build/my_py_pkg/install.log'
[1.205s] Invoked command in '/home/ananya/ros2_ws/src/my_py_pkg' returned '0': DEBUGINFOD_URLS=https://debuginfod.ubuntu.com PYTHONPATH=/home/ananya/ros2_ws/build/my_py_pkg/prefix_override:/usr/lib/python3/dist-packages/colcon_core/task/python/colcon_distutils_commands:/home/ananya/ros2_ws/install/my_py_pkg/lib/python3.12/site-packages:/home/ananya/ros2_ws/install/my_robot_interfaces/lib/python3.12/site-packages:/home/ananya/ros2_ws/install/turtle_controller/lib/python3.12/site-packages:/home/ananya/ros2_ws/install/my_py_pkg/lib/python3.12/site-packages:/opt/ros/jazzy/lib/python3.12/site-packages /usr/bin/python3 -W ignore:setup.py install is deprecated -W ignore:easy_install command is deprecated setup.py egg_info --egg-base ../../build/my_py_pkg build --build-base /home/ananya/ros2_ws/build/my_py_pkg/build install --record /home/ananya/ros2_ws/build/my_py_pkg/install.log --single-version-externally-managed install_data
