[0.731s] Invoking command in '/home/ananya/ros2_ws/src/turtle_controller': DEBUGINFOD_URLS=https://debuginfod.ubuntu.com PYTHONPATH=/home/ananya/ros2_ws/build/turtle_controller/prefix_override:/usr/lib/python3/dist-packages/colcon_core/task/python/colcon_distutils_commands:/home/ananya/ros2_ws/install/turtle_controller/lib/python3.12/site-packages:${PYTHONPATH} /usr/bin/python3 -W ignore:setup.py install is deprecated -W ignore:easy_install command is deprecated setup.py egg_info --egg-base ../../build/turtle_controller build --build-base /home/ananya/ros2_ws/build/turtle_controller/build install --record /home/ananya/ros2_ws/build/turtle_controller/install.log --single-version-externally-managed install_data
[0.972s] running egg_info
[0.973s] creating ../../build/turtle_controller/turtle_controller.egg-info
[0.989s] writing ../../build/turtle_controller/turtle_controller.egg-info/PKG-INFO
[0.990s] writing dependency_links to ../../build/turtle_controller/turtle_controller.egg-info/dependency_links.txt
[0.990s] writing entry points to ../../build/turtle_controller/turtle_controller.egg-info/entry_points.txt
[0.990s] writing requirements to ../../build/turtle_controller/turtle_controller.egg-info/requires.txt
[0.990s] writing top-level names to ../../build/turtle_controller/turtle_controller.egg-info/top_level.txt
[0.991s] writing manifest file '../../build/turtle_controller/turtle_controller.egg-info/SOURCES.txt'
[1.028s] reading manifest file '../../build/turtle_controller/turtle_controller.egg-info/SOURCES.txt'
[1.028s] writing manifest file '../../build/turtle_controller/turtle_controller.egg-info/SOURCES.txt'
[1.029s] running build
[1.029s] running build_py
[1.029s] creating /home/ananya/ros2_ws/build/turtle_controller/build
[1.029s] creating /home/ananya/ros2_ws/build/turtle_controller/build/lib
[1.029s] creating /home/ananya/ros2_ws/build/turtle_controller/build/lib/turtle_controller
[1.029s] copying turtle_controller/turtle_controller.py -> /home/ananya/ros2_ws/build/turtle_controller/build/lib/turtle_controller
[1.029s] copying turtle_controller/__init__.py -> /home/ananya/ros2_ws/build/turtle_controller/build/lib/turtle_controller
[1.029s] running install
[1.035s] running install_lib
[1.052s] creating /home/ananya/ros2_ws/install/turtle_controller/lib/python3.12/site-packages/turtle_controller
[1.052s] copying /home/ananya/ros2_ws/build/turtle_controller/build/lib/turtle_controller/turtle_controller.py -> /home/ananya/ros2_ws/install/turtle_controller/lib/python3.12/site-packages/turtle_controller
[1.053s] copying /home/ananya/ros2_ws/build/turtle_controller/build/lib/turtle_controller/__init__.py -> /home/ananya/ros2_ws/install/turtle_controller/lib/python3.12/site-packages/turtle_controller
[1.053s] byte-compiling /home/ananya/ros2_ws/install/turtle_controller/lib/python3.12/site-packages/turtle_controller/turtle_controller.py to turtle_controller.cpython-312.pyc
[1.054s] byte-compiling /home/ananya/ros2_ws/install/turtle_controller/lib/python3.12/site-packages/turtle_controller/__init__.py to __init__.cpython-312.pyc
[1.054s] running install_data
[1.054s] creating /home/ananya/ros2_ws/install/turtle_controller/share/ament_index
[1.054s] creating /home/ananya/ros2_ws/install/turtle_controller/share/ament_index/resource_index
[1.054s] creating /home/ananya/ros2_ws/install/turtle_controller/share/ament_index/resource_index/packages
[1.054s] copying resource/turtle_controller -> /home/ananya/ros2_ws/install/turtle_controller/share/ament_index/resource_index/packages
[1.054s] copying package.xml -> /home/ananya/ros2_ws/install/turtle_controller/share/turtle_controller
[1.054s] running install_egg_info
[1.072s] Copying ../../build/turtle_controller/turtle_controller.egg-info to /home/ananya/ros2_ws/install/turtle_controller/lib/python3.12/site-packages/turtle_controller-0.0.0-py3.12.egg-info
[1.073s] running install_scripts
[1.188s] Installing turtle_controller script to /home/ananya/ros2_ws/install/turtle_controller/lib/turtle_controller
[1.188s] writing list of installed files to '/home/ananya/ros2_ws/build/turtle_controller/install.log'
[1.218s] Invoked command in '/home/ananya/ros2_ws/src/turtle_controller' returned '0': DEBUGINFOD_URLS=https://debuginfod.ubuntu.com PYTHONPATH=/home/ananya/ros2_ws/build/turtle_controller/prefix_override:/usr/lib/python3/dist-packages/colcon_core/task/python/colcon_distutils_commands:/home/ananya/ros2_ws/install/turtle_controller/lib/python3.12/site-packages:${PYTHONPATH} /usr/bin/python3 -W ignore:setup.py install is deprecated -W ignore:easy_install command is deprecated setup.py egg_info --egg-base ../../build/turtle_controller build --build-base /home/ananya/ros2_ws/build/turtle_controller/build install --record /home/ananya/ros2_ws/build/turtle_controller/install.log --single-version-externally-managed install_data
