[0.720s] Invoking command in '/home/ananya/ros2_ws/src/turtle_controller': DEBUGINFOD_URLS=https://debuginfod.ubuntu.com PYTHONPATH=/home/ananya/ros2_ws/build/turtle_controller/prefix_override:/usr/lib/python3/dist-packages/colcon_core/task/python/colcon_distutils_commands:/home/ananya/ros2_ws/install/turtle_controller/lib/python3.12/site-packages:${PYTHONPATH} /usr/bin/python3 -W ignore:setup.py install is deprecated -W ignore:easy_install command is deprecated setup.py egg_info --egg-base ../../build/turtle_controller build --build-base /home/ananya/ros2_ws/build/turtle_controller/build install --record /home/ananya/ros2_ws/build/turtle_controller/install.log --single-version-externally-managed install_data
[0.955s] running egg_info
[0.971s] writing ../../build/turtle_controller/turtle_controller.egg-info/PKG-INFO
[0.972s] writing dependency_links to ../../build/turtle_controller/turtle_controller.egg-info/dependency_links.txt
[0.972s] writing entry points to ../../build/turtle_controller/turtle_controller.egg-info/entry_points.txt
[0.972s] writing requirements to ../../build/turtle_controller/turtle_controller.egg-info/requires.txt
[0.972s] writing top-level names to ../../build/turtle_controller/turtle_controller.egg-info/top_level.txt
[1.007s] reading manifest file '../../build/turtle_controller/turtle_controller.egg-info/SOURCES.txt'
[1.008s] writing manifest file '../../build/turtle_controller/turtle_controller.egg-info/SOURCES.txt'
[1.008s] running build
[1.008s] running build_py
[1.008s] copying turtle_controller/turtle_controller.py -> /home/ananya/ros2_ws/build/turtle_controller/build/lib/turtle_controller
[1.009s] running install
[1.015s] running install_lib
[1.032s] copying /home/ananya/ros2_ws/build/turtle_controller/build/lib/turtle_controller/turtle_controller.py -> /home/ananya/ros2_ws/install/turtle_controller/lib/python3.12/site-packages/turtle_controller
[1.033s] byte-compiling /home/ananya/ros2_ws/install/turtle_controller/lib/python3.12/site-packages/turtle_controller/turtle_controller.py to turtle_controller.cpython-312.pyc
[1.034s] running install_data
[1.034s] running install_egg_info
[1.053s] removing '/home/ananya/ros2_ws/install/turtle_controller/lib/python3.12/site-packages/turtle_controller-0.0.0-py3.12.egg-info' (and everything under it)
[1.053s] Copying ../../build/turtle_controller/turtle_controller.egg-info to /home/ananya/ros2_ws/install/turtle_controller/lib/python3.12/site-packages/turtle_controller-0.0.0-py3.12.egg-info
[1.054s] running install_scripts
[1.170s] Installing turtle_controller script to /home/ananya/ros2_ws/install/turtle_controller/lib/turtle_controller
[1.170s] writing list of installed files to '/home/ananya/ros2_ws/build/turtle_controller/install.log'
[1.197s] Invoked command in '/home/ananya/ros2_ws/src/turtle_controller' returned '0': DEBUGINFOD_URLS=https://debuginfod.ubuntu.com PYTHONPATH=/home/ananya/ros2_ws/build/turtle_controller/prefix_override:/usr/lib/python3/dist-packages/colcon_core/task/python/colcon_distutils_commands:/home/ananya/ros2_ws/install/turtle_controller/lib/python3.12/site-packages:${PYTHONPATH} /usr/bin/python3 -W ignore:setup.py install is deprecated -W ignore:easy_install command is deprecated setup.py egg_info --egg-base ../../build/turtle_controller build --build-base /home/ananya/ros2_ws/build/turtle_controller/build install --record /home/ananya/ros2_ws/build/turtle_controller/install.log --single-version-externally-managed install_data
