[3.304s] Invoking command in '/home/ananya/ros2_ws/src/my_py_pkg': DEBUGINFOD_URLS=https://debuginfod.ubuntu.com PYTHONPATH=/home/ananya/ros2_ws/build/my_py_pkg/prefix_override:/usr/lib/python3/dist-packages/colcon_core/task/python/colcon_distutils_commands:/home/ananya/ros2_ws/install/my_py_pkg/lib/python3.12/site-packages:/home/ananya/ros2_ws/install/my_robot_interfaces/lib/python3.12/site-packages:/home/ananya/ros2_ws/install/my_py_pkg/lib/python3.12/site-packages:/opt/ros/jazzy/lib/python3.12/site-packages /usr/bin/python3 -W ignore:setup.py install is deprecated -W ignore:easy_install command is deprecated setup.py egg_info --egg-base ../../build/my_py_pkg build --build-base /home/ananya/ros2_ws/build/my_py_pkg/build install --record /home/ananya/ros2_ws/build/my_py_pkg/install.log --single-version-externally-managed install_data
[3.571s] running egg_info
[3.587s] writing ../../build/my_py_pkg/my_py_pkg.egg-info/PKG-INFO
[3.588s] writing dependency_links to ../../build/my_py_pkg/my_py_pkg.egg-info/dependency_links.txt
[3.588s] writing entry points to ../../build/my_py_pkg/my_py_pkg.egg-info/entry_points.txt
[3.589s] writing requirements to ../../build/my_py_pkg/my_py_pkg.egg-info/requires.txt
[3.589s] writing top-level names to ../../build/my_py_pkg/my_py_pkg.egg-info/top_level.txt
[3.662s] reading manifest file '../../build/my_py_pkg/my_py_pkg.egg-info/SOURCES.txt'
[3.679s] writing manifest file '../../build/my_py_pkg/my_py_pkg.egg-info/SOURCES.txt'
[3.679s] running build
[3.679s] running build_py
[3.680s] copying my_py_pkg/number_publisher.py -> /home/ananya/ros2_ws/build/my_py_pkg/build/lib/my_py_pkg
[3.702s] running install
[3.715s] running install_lib
[3.735s] copying /home/ananya/ros2_ws/build/my_py_pkg/build/lib/my_py_pkg/number_publisher.py -> /home/ananya/ros2_ws/install/my_py_pkg/lib/python3.12/site-packages/my_py_pkg
[3.736s] byte-compiling /home/ananya/ros2_ws/install/my_py_pkg/lib/python3.12/site-packages/my_py_pkg/number_publisher.py to number_publisher.cpython-312.pyc
[3.764s] running install_data
[3.765s] running install_egg_info
[3.790s] removing '/home/ananya/ros2_ws/install/my_py_pkg/lib/python3.12/site-packages/my_py_pkg-0.0.0-py3.12.egg-info' (and everything under it)
[3.821s] Copying ../../build/my_py_pkg/my_py_pkg.egg-info to /home/ananya/ros2_ws/install/my_py_pkg/lib/python3.12/site-packages/my_py_pkg-0.0.0-py3.12.egg-info
[3.841s] running install_scripts
[3.971s] Installing number_counter script to /home/ananya/ros2_ws/install/my_py_pkg/lib/my_py_pkg
[3.972s] Installing number_publisher script to /home/ananya/ros2_ws/install/my_py_pkg/lib/my_py_pkg
[3.972s] Installing test_node script to /home/ananya/ros2_ws/install/my_py_pkg/lib/my_py_pkg
[3.972s] writing list of installed files to '/home/ananya/ros2_ws/build/my_py_pkg/install.log'
[3.998s] Invoked command in '/home/ananya/ros2_ws/src/my_py_pkg' returned '0': DEBUGINFOD_URLS=https://debuginfod.ubuntu.com PYTHONPATH=/home/ananya/ros2_ws/build/my_py_pkg/prefix_override:/usr/lib/python3/dist-packages/colcon_core/task/python/colcon_distutils_commands:/home/ananya/ros2_ws/install/my_py_pkg/lib/python3.12/site-packages:/home/ananya/ros2_ws/install/my_robot_interfaces/lib/python3.12/site-packages:/home/ananya/ros2_ws/install/my_py_pkg/lib/python3.12/site-packages:/opt/ros/jazzy/lib/python3.12/site-packages /usr/bin/python3 -W ignore:setup.py install is deprecated -W ignore:easy_install command is deprecated setup.py egg_info --egg-base ../../build/my_py_pkg build --build-base /home/ananya/ros2_ws/build/my_py_pkg/build install --record /home/ananya/ros2_ws/build/my_py_pkg/install.log --single-version-externally-managed install_data
